13:16:43 **** Clean-only build of configuration Nios II for project Assignment1_bsp ****
make clean 
[BSP clean complete]
13:16:46 **** Clean-only build of configuration Nios II for project Assignment1 ****
make clean 
[Assignment1 clean complete]
13:16:59 **** Build of configuration Nios II for project Assignment1 ****
make all 
Info: Building ../Assignment1_bsp/
D:/Programs/QuartusPrime/nios2eds/bin/gnu/H-x86_64-mingw32/bin/make --no-print-directory -C ../Assignment1_bsp/
Compiling alt_alarm_start.c...
nios2-elf-gcc -xc -MP -MMD -c  -I./HAL/inc -I. -I./drivers/inc -pipe -D__hal__ -DALT_NO_INSTRUCTION_EMULATION -DALT_SINGLE_THREADED    -O0 -g -Wall  -mno-hw-div -mhw-mul -mno-hw-mulx -mgpopt=global   -o obj/HAL/src/alt_alarm_start.o HAL/src/alt_alarm_start.c
Compiling alt_busy_sleep.c...
nios2-elf-gcc -xc -MP -MMD -c  -I./HAL/inc -I. -I./drivers/inc -pipe -D__hal__ -DALT_NO_INSTRUCTION_EMULATION -DALT_SINGLE_THREADED    -O0 -g -Wall  -mno-hw-div -mhw-mul -mno-hw-mulx -mgpopt=global   -o obj/HAL/src/alt_busy_sleep.o HAL/src/alt_busy_sleep.c
Compiling alt_close.c...
nios2-elf-gcc -xc -MP -MMD -c  -I./HAL/inc -I. -I./drivers/inc -pipe -D__hal__ -DALT_NO_INSTRUCTION_EMULATION -DALT_SINGLE_THREADED    -O0 -g -Wall  -mno-hw-div -mhw-mul -mno-hw-mulx -mgpopt=global   -o obj/HAL/src/alt_close.o HAL/src/alt_close.c
Compiling alt_dcache_flush.c...
nios2-elf-gcc -xc -MP -MMD -c  -I./HAL/inc -I. -I./drivers/inc -pipe -D__hal__ -DALT_NO_INSTRUCTION_EMULATION -DALT_SINGLE_THREADED    -O0 -g -Wall  -mno-hw-div -mhw-mul -mno-hw-mulx -mgpopt=global   -o obj/HAL/src/alt_dcache_flush.o HAL/src/alt_dcache_flush.c
Compiling alt_dcache_flush_all.c...
nios2-elf-gcc -xc -MP -MMD -c  -I./HAL/inc -I. -I./drivers/inc -pipe -D__hal__ -DALT_NO_INSTRUCTION_EMULATION -DALT_SINGLE_THREADED    -O0 -g -Wall  -mno-hw-div -mhw-mul -mno-hw-mulx -mgpopt=global   -o obj/HAL/src/alt_dcache_flush_all.o HAL/src/alt_dcache_flush_all.c
Compiling alt_dcache_flush_no_writeback.c...
nios2-elf-gcc -xc -MP -MMD -c  -I./HAL/inc -I. -I./drivers/inc -pipe -D__hal__ -DALT_NO_INSTRUCTION_EMULATION -DALT_SINGLE_THREADED    -O0 -g -Wall  -mno-hw-div -mhw-mul -mno-hw-mulx -mgpopt=global   -o obj/HAL/src/alt_dcache_flush_no_writeback.o HAL/src/alt_dcache_flush_no_writeback.c
Compiling alt_dev.c...
nios2-elf-gcc -xc -MP -MMD -c  -I./HAL/inc -I. -I./drivers/inc -pipe -D__hal__ -DALT_NO_INSTRUCTION_EMULATION -DALT_SINGLE_THREADED    -O0 -g -Wall  -mno-hw-div -mhw-mul -mno-hw-mulx -mgpopt=global   -o obj/HAL/src/alt_dev.o HAL/src/alt_dev.c
Compiling alt_dev_llist_insert.c...
nios2-elf-gcc -xc -MP -MMD -c  -I./HAL/inc -I. -I./drivers/inc -pipe -D__hal__ -DALT_NO_INSTRUCTION_EMULATION -DALT_SINGLE_THREADED    -O0 -g -Wall  -mno-hw-div -mhw-mul -mno-hw-mulx -mgpopt=global   -o obj/HAL/src/alt_dev_llist_insert.o HAL/src/alt_dev_llist_insert.c
Compiling alt_dma_rxchan_open.c...
nios2-elf-gcc -xc -MP -MMD -c  -I./HAL/inc -I. -I./drivers/inc -pipe -D__hal__ -DALT_NO_INSTRUCTION_EMULATION -DALT_SINGLE_THREADED    -O0 -g -Wall  -mno-hw-div -mhw-mul -mno-hw-mulx -mgpopt=global   -o obj/HAL/src/alt_dma_rxchan_open.o HAL/src/alt_dma_rxchan_open.c
Compiling alt_dma_txchan_open.c...
nios2-elf-gcc -xc -MP -MMD -c  -I./HAL/inc -I. -I./drivers/inc -pipe -D__hal__ -DALT_NO_INSTRUCTION_EMULATION -DALT_SINGLE_THREADED    -O0 -g -Wall  -mno-hw-div -mhw-mul -mno-hw-mulx -mgpopt=global   -o obj/HAL/src/alt_dma_txchan_open.o HAL/src/alt_dma_txchan_open.c
Compiling alt_do_ctors.c...
nios2-elf-gcc -xc -MP -MMD -c  -I./HAL/inc -I. -I./drivers/inc -pipe -D__hal__ -DALT_NO_INSTRUCTION_EMULATION -DALT_SINGLE_THREADED    -O0 -g -Wall  -mno-hw-div -mhw-mul -mno-hw-mulx -mgpopt=global   -o obj/HAL/src/alt_do_ctors.o HAL/src/alt_do_ctors.c
Compiling alt_do_dtors.c...
nios2-elf-gcc -xc -MP -MMD -c  -I./HAL/inc -I. -I./drivers/inc -pipe -D__hal__ -DALT_NO_INSTRUCTION_EMULATION -DALT_SINGLE_THREADED    -O0 -g -Wall  -mno-hw-div -mhw-mul -mno-hw-mulx -mgpopt=global   -o obj/HAL/src/alt_do_dtors.o HAL/src/alt_do_dtors.c
Compiling alt_ecc_fatal_entry.S...
nios2-elf-gcc -MP -MMD -c   -O0 -g -Wall  -mno-hw-div -mhw-mul -mno-hw-mulx -mgpopt=global    -I./HAL/inc -I. -I./drivers/inc -pipe -D__hal__ -DALT_NO_INSTRUCTION_EMULATION -DALT_SINGLE_THREADED  -Wa,-gdwarf2  -o obj/HAL/src/alt_ecc_fatal_entry.o HAL/src/alt_ecc_fatal_entry.S
Compiling alt_ecc_fatal_exception.c...
nios2-elf-gcc -xc -MP -MMD -c  -I./HAL/inc -I. -I./drivers/inc -pipe -D__hal__ -DALT_NO_INSTRUCTION_EMULATION -DALT_SINGLE_THREADED    -O0 -g -Wall  -mno-hw-div -mhw-mul -mno-hw-mulx -mgpopt=global   -o obj/HAL/src/alt_ecc_fatal_exception.o HAL/src/alt_ecc_fatal_exception.c
Compiling alt_env_lock.c...
nios2-elf-gcc -xc -MP -MMD -c  -I./HAL/inc -I. -I./drivers/inc -pipe -D__hal__ -DALT_NO_INSTRUCTION_EMULATION -DALT_SINGLE_THREADED    -O0 -g -Wall  -mno-hw-div -mhw-mul -mno-hw-mulx -mgpopt=global   -o obj/HAL/src/alt_env_lock.o HAL/src/alt_env_lock.c
Compiling alt_environ.c...
nios2-elf-gcc -xc -MP -MMD -c  -I./HAL/inc -I. -I./drivers/inc -pipe -D__hal__ -DALT_NO_INSTRUCTION_EMULATION -DALT_SINGLE_THREADED    -O0 -g -Wall  -mno-hw-div -mhw-mul -mno-hw-mulx -mgpopt=global   -o obj/HAL/src/alt_environ.o HAL/src/alt_environ.c
Compiling alt_errno.c...
nios2-elf-gcc -xc -MP -MMD -c  -I./HAL/inc -I. -I./drivers/inc -pipe -D__hal__ -DALT_NO_INSTRUCTION_EMULATION -DALT_SINGLE_THREADED    -O0 -g -Wall  -mno-hw-div -mhw-mul -mno-hw-mulx -mgpopt=global   -o obj/HAL/src/alt_errno.o HAL/src/alt_errno.c
Compiling alt_exception_entry.S...
nios2-elf-gcc -MP -MMD -c   -O0 -g -Wall  -mno-hw-div -mhw-mul -mno-hw-mulx -mgpopt=global    -I./HAL/inc -I. -I./drivers/inc -pipe -D__hal__ -DALT_NO_INSTRUCTION_EMULATION -DALT_SINGLE_THREADED  -Wa,-gdwarf2  -o obj/HAL/src/alt_exception_entry.o HAL/src/alt_exception_entry.S
Compiling alt_exception_muldiv.S...
nios2-elf-gcc -MP -MMD -c   -O0 -g -Wall  -mno-hw-div -mhw-mul -mno-hw-mulx -mgpopt=global    -I./HAL/inc -I. -I./drivers/inc -pipe -D__hal__ -DALT_NO_INSTRUCTION_EMULATION -DALT_SINGLE_THREADED  -Wa,-gdwarf2  -o obj/HAL/src/alt_exception_muldiv.o HAL/src/alt_exception_muldiv.S
Compiling alt_exception_trap.S...
nios2-elf-gcc -MP -MMD -c   -O0 -g -Wall  -mno-hw-div -mhw-mul -mno-hw-mulx -mgpopt=global    -I./HAL/inc -I. -I./drivers/inc -pipe -D__hal__ -DALT_NO_INSTRUCTION_EMULATION -DALT_SINGLE_THREADED  -Wa,-gdwarf2  -o obj/HAL/src/alt_exception_trap.o HAL/src/alt_exception_trap.S
Compiling alt_execve.c...
nios2-elf-gcc -xc -MP -MMD -c  -I./HAL/inc -I. -I./drivers/inc -pipe -D__hal__ -DALT_NO_INSTRUCTION_EMULATION -DALT_SINGLE_THREADED    -O0 -g -Wall  -mno-hw-div -mhw-mul -mno-hw-mulx -mgpopt=global   -o obj/HAL/src/alt_execve.o HAL/src/alt_execve.c
Compiling alt_exit.c...
nios2-elf-gcc -xc -MP -MMD -c  -I./HAL/inc -I. -I./drivers/inc -pipe -D__hal__ -DALT_NO_INSTRUCTION_EMULATION -DALT_SINGLE_THREADED    -O0 -g -Wall  -mno-hw-div -mhw-mul -mno-hw-mulx -mgpopt=global   -o obj/HAL/src/alt_exit.o HAL/src/alt_exit.c
Compiling alt_fcntl.c...
nios2-elf-gcc -xc -MP -MMD -c  -I./HAL/inc -I. -I./drivers/inc -pipe -D__hal__ -DALT_NO_INSTRUCTION_EMULATION -DALT_SINGLE_THREADED    -O0 -g -Wall  -mno-hw-div -mhw-mul -mno-hw-mulx -mgpopt=global   -o obj/HAL/src/alt_fcntl.o HAL/src/alt_fcntl.c
Compiling alt_fd_lock.c...
nios2-elf-gcc -xc -MP -MMD -c  -I./HAL/inc -I. -I./drivers/inc -pipe -D__hal__ -DALT_NO_INSTRUCTION_EMULATION -DALT_SINGLE_THREADED    -O0 -g -Wall  -mno-hw-div -mhw-mul -mno-hw-mulx -mgpopt=global   -o obj/HAL/src/alt_fd_lock.o HAL/src/alt_fd_lock.c
Compiling alt_fd_unlock.c...
nios2-elf-gcc -xc -MP -MMD -c  -I./HAL/inc -I. -I./drivers/inc -pipe -D__hal__ -DALT_NO_INSTRUCTION_EMULATION -DALT_SINGLE_THREADED    -O0 -g -Wall  -mno-hw-div -mhw-mul -mno-hw-mulx -mgpopt=global   -o obj/HAL/src/alt_fd_unlock.o HAL/src/alt_fd_unlock.c
Compiling alt_find_dev.c...
nios2-elf-gcc -xc -MP -MMD -c  -I./HAL/inc -I. -I./drivers/inc -pipe -D__hal__ -DALT_NO_INSTRUCTION_EMULATION -DALT_SINGLE_THREADED    -O0 -g -Wall  -mno-hw-div -mhw-mul -mno-hw-mulx -mgpopt=global   -o obj/HAL/src/alt_find_dev.o HAL/src/alt_find_dev.c
Compiling alt_find_file.c...
nios2-elf-gcc -xc -MP -MMD -c  -I./HAL/inc -I. -I./drivers/inc -pipe -D__hal__ -DALT_NO_INSTRUCTION_EMULATION -DALT_SINGLE_THREADED    -O0 -g -Wall  -mno-hw-div -mhw-mul -mno-hw-mulx -mgpopt=global   -o obj/HAL/src/alt_find_file.o HAL/src/alt_find_file.c
Compiling alt_flash_dev.c...
nios2-elf-gcc -xc -MP -MMD -c  -I./HAL/inc -I. -I./drivers/inc -pipe -D__hal__ -DALT_NO_INSTRUCTION_EMULATION -DALT_SINGLE_THREADED    -O0 -g -Wall  -mno-hw-div -mhw-mul -mno-hw-mulx -mgpopt=global   -o obj/HAL/src/alt_flash_dev.o HAL/src/alt_flash_dev.c
Compiling alt_fork.c...
nios2-elf-gcc -xc -MP -MMD -c  -I./HAL/inc -I. -I./drivers/inc -pipe -D__hal__ -DALT_NO_INSTRUCTION_EMULATION -DALT_SINGLE_THREADED    -O0 -g -Wall  -mno-hw-div -mhw-mul -mno-hw-mulx -mgpopt=global   -o obj/HAL/src/alt_fork.o HAL/src/alt_fork.c
Compiling alt_fs_reg.c...
nios2-elf-gcc -xc -MP -MMD -c  -I./HAL/inc -I. -I./drivers/inc -pipe -D__hal__ -DALT_NO_INSTRUCTION_EMULATION -DALT_SINGLE_THREADED    -O0 -g -Wall  -mno-hw-div -mhw-mul -mno-hw-mulx -mgpopt=global   -o obj/HAL/src/alt_fs_reg.o HAL/src/alt_fs_reg.c
Compiling alt_fstat.c...
nios2-elf-gcc -xc -MP -MMD -c  -I./HAL/inc -I. -I./drivers/inc -pipe -D__hal__ -DALT_NO_INSTRUCTION_EMULATION -DALT_SINGLE_THREADED    -O0 -g -Wall  -mno-hw-div -mhw-mul -mno-hw-mulx -mgpopt=global   -o obj/HAL/src/alt_fstat.o HAL/src/alt_fstat.c
Compiling alt_get_fd.c...
nios2-elf-gcc -xc -MP -MMD -c  -I./HAL/inc -I. -I./drivers/inc -pipe -D__hal__ -DALT_NO_INSTRUCTION_EMULATION -DALT_SINGLE_THREADED    -O0 -g -Wall  -mno-hw-div -mhw-mul -mno-hw-mulx -mgpopt=global   -o obj/HAL/src/alt_get_fd.o HAL/src/alt_get_fd.c
Compiling alt_getchar.c...
nios2-elf-gcc -xc -MP -MMD -c  -I./HAL/inc -I. -I./drivers/inc -pipe -D__hal__ -DALT_NO_INSTRUCTION_EMULATION -DALT_SINGLE_THREADED    -O0 -g -Wall  -mno-hw-div -mhw-mul -mno-hw-mulx -mgpopt=global   -o obj/HAL/src/alt_getchar.o HAL/src/alt_getchar.c
Compiling alt_getpid.c...
nios2-elf-gcc -xc -MP -MMD -c  -I./HAL/inc -I. -I./drivers/inc -pipe -D__hal__ -DALT_NO_INSTRUCTION_EMULATION -DALT_SINGLE_THREADED    -O0 -g -Wall  -mno-hw-div -mhw-mul -mno-hw-mulx -mgpopt=global   -o obj/HAL/src/alt_getpid.o HAL/src/alt_getpid.c
Compiling alt_gettod.c...
nios2-elf-gcc -xc -MP -MMD -c  -I./HAL/inc -I. -I./drivers/inc -pipe -D__hal__ -DALT_NO_INSTRUCTION_EMULATION -DALT_SINGLE_THREADED    -O0 -g -Wall  -mno-hw-div -mhw-mul -mno-hw-mulx -mgpopt=global   -o obj/HAL/src/alt_gettod.o HAL/src/alt_gettod.c
Compiling alt_gmon.c...
nios2-elf-gcc -xc -MP -MMD -c  -I./HAL/inc -I. -I./drivers/inc -pipe -D__hal__ -DALT_NO_INSTRUCTION_EMULATION -DALT_SINGLE_THREADED    -O0 -g -Wall  -mno-hw-div -mhw-mul -mno-hw-mulx -mgpopt=global   -o obj/HAL/src/alt_gmon.o HAL/src/alt_gmon.c
Compiling alt_icache_flush.c...
nios2-elf-gcc -xc -MP -MMD -c  -I./HAL/inc -I. -I./drivers/inc -pipe -D__hal__ -DALT_NO_INSTRUCTION_EMULATION -DALT_SINGLE_THREADED    -O0 -g -Wall  -mno-hw-div -mhw-mul -mno-hw-mulx -mgpopt=global   -o obj/HAL/src/alt_icache_flush.o HAL/src/alt_icache_flush.c
Compiling alt_icache_flush_all.c...
nios2-elf-gcc -xc -MP -MMD -c  -I./HAL/inc -I. -I./drivers/inc -pipe -D__hal__ -DALT_NO_INSTRUCTION_EMULATION -DALT_SINGLE_THREADED    -O0 -g -Wall  -mno-hw-div -mhw-mul -mno-hw-mulx -mgpopt=global   -o obj/HAL/src/alt_icache_flush_all.o HAL/src/alt_icache_flush_all.c
Compiling alt_iic.c...
nios2-elf-gcc -xc -MP -MMD -c  -I./HAL/inc -I. -I./drivers/inc -pipe -D__hal__ -DALT_NO_INSTRUCTION_EMULATION -DALT_SINGLE_THREADED    -O0 -g -Wall  -mno-hw-div -mhw-mul -mno-hw-mulx -mgpopt=global   -o obj/HAL/src/alt_iic.o HAL/src/alt_iic.c
Compiling alt_iic_isr_register.c...
nios2-elf-gcc -xc -MP -MMD -c  -I./HAL/inc -I. -I./drivers/inc -pipe -D__hal__ -DALT_NO_INSTRUCTION_EMULATION -DALT_SINGLE_THREADED    -O0 -g -Wall  -mno-hw-div -mhw-mul -mno-hw-mulx -mgpopt=global   -o obj/HAL/src/alt_iic_isr_register.o HAL/src/alt_iic_isr_register.c
Compiling alt_instruction_exception_entry.c...
nios2-elf-gcc -xc -MP -MMD -c  -I./HAL/inc -I. -I./drivers/inc -pipe -D__hal__ -DALT_NO_INSTRUCTION_EMULATION -DALT_SINGLE_THREADED    -O0 -g -Wall  -mno-hw-div -mhw-mul -mno-hw-mulx -mgpopt=global   -o obj/HAL/src/alt_instruction_exception_entry.o HAL/src/alt_instruction_exception_entry.c
Compiling alt_instruction_exception_register.c...
nios2-elf-gcc -xc -MP -MMD -c  -I./HAL/inc -I. -I./drivers/inc -pipe -D__hal__ -DALT_NO_INSTRUCTION_EMULATION -DALT_SINGLE_THREADED    -O0 -g -Wall  -mno-hw-div -mhw-mul -mno-hw-mulx -mgpopt=global   -o obj/HAL/src/alt_instruction_exception_register.o HAL/src/alt_instruction_exception_register.c
Compiling alt_io_redirect.c...
nios2-elf-gcc -xc -MP -MMD -c  -I./HAL/inc -I. -I./drivers/inc -pipe -D__hal__ -DALT_NO_INSTRUCTION_EMULATION -DALT_SINGLE_THREADED    -O0 -g -Wall  -mno-hw-div -mhw-mul -mno-hw-mulx -mgpopt=global   -o obj/HAL/src/alt_io_redirect.o HAL/src/alt_io_redirect.c
Compiling alt_ioctl.c...
nios2-elf-gcc -xc -MP -MMD -c  -I./HAL/inc -I. -I./drivers/inc -pipe -D__hal__ -DALT_NO_INSTRUCTION_EMULATION -DALT_SINGLE_THREADED    -O0 -g -Wall  -mno-hw-div -mhw-mul -mno-hw-mulx -mgpopt=global   -o obj/HAL/src/alt_ioctl.o HAL/src/alt_ioctl.c
Compiling alt_irq_entry.S...
nios2-elf-gcc -MP -MMD -c   -O0 -g -Wall  -mno-hw-div -mhw-mul -mno-hw-mulx -mgpopt=global    -I./HAL/inc -I. -I./drivers/inc -pipe -D__hal__ -DALT_NO_INSTRUCTION_EMULATION -DALT_SINGLE_THREADED  -Wa,-gdwarf2  -o obj/HAL/src/alt_irq_entry.o HAL/src/alt_irq_entry.S
Compiling alt_irq_handler.c...
nios2-elf-gcc -xc -MP -MMD -c  -I./HAL/inc -I. -I./drivers/inc -pipe -D__hal__ -DALT_NO_INSTRUCTION_EMULATION -DALT_SINGLE_THREADED    -O0 -g -Wall  -mno-hw-div -mhw-mul -mno-hw-mulx -mgpopt=global   -o obj/HAL/src/alt_irq_handler.o HAL/src/alt_irq_handler.c
Compiling alt_irq_register.c...
nios2-elf-gcc -xc -MP -MMD -c  -I./HAL/inc -I. -I./drivers/inc -pipe -D__hal__ -DALT_NO_INSTRUCTION_EMULATION -DALT_SINGLE_THREADED    -O0 -g -Wall  -mno-hw-div -mhw-mul -mno-hw-mulx -mgpopt=global   -o obj/HAL/src/alt_irq_register.o HAL/src/alt_irq_register.c
Compiling alt_irq_vars.c...
nios2-elf-gcc -xc -MP -MMD -c  -I./HAL/inc -I. -I./drivers/inc -pipe -D__hal__ -DALT_NO_INSTRUCTION_EMULATION -DALT_SINGLE_THREADED    -O0 -g -Wall  -mno-hw-div -mhw-mul -mno-hw-mulx -mgpopt=global   -o obj/HAL/src/alt_irq_vars.o HAL/src/alt_irq_vars.c
Compiling alt_isatty.c...
nios2-elf-gcc -xc -MP -MMD -c  -I./HAL/inc -I. -I./drivers/inc -pipe -D__hal__ -DALT_NO_INSTRUCTION_EMULATION -DALT_SINGLE_THREADED    -O0 -g -Wall  -mno-hw-div -mhw-mul -mno-hw-mulx -mgpopt=global   -o obj/HAL/src/alt_isatty.o HAL/src/alt_isatty.c
Compiling alt_kill.c...
nios2-elf-gcc -xc -MP -MMD -c  -I./HAL/inc -I. -I./drivers/inc -pipe -D__hal__ -DALT_NO_INSTRUCTION_EMULATION -DALT_SINGLE_THREADED    -O0 -g -Wall  -mno-hw-div -mhw-mul -mno-hw-mulx -mgpopt=global   -o obj/HAL/src/alt_kill.o HAL/src/alt_kill.c
Compiling alt_link.c...
nios2-elf-gcc -xc -MP -MMD -c  -I./HAL/inc -I. -I./drivers/inc -pipe -D__hal__ -DALT_NO_INSTRUCTION_EMULATION -DALT_SINGLE_THREADED    -O0 -g -Wall  -mno-hw-div -mhw-mul -mno-hw-mulx -mgpopt=global   -o obj/HAL/src/alt_link.o HAL/src/alt_link.c
Compiling alt_load.c...
nios2-elf-gcc -xc -MP -MMD -c  -I./HAL/inc -I. -I./drivers/inc -pipe -D__hal__ -DALT_NO_INSTRUCTION_EMULATION -DALT_SINGLE_THREADED    -O0 -g -Wall  -mno-hw-div -mhw-mul -mno-hw-mulx -mgpopt=global   -o obj/HAL/src/alt_load.o HAL/src/alt_load.c
Compiling alt_log_macro.S...
nios2-elf-gcc -MP -MMD -c   -O0 -g -Wall  -mno-hw-div -mhw-mul -mno-hw-mulx -mgpopt=global    -I./HAL/inc -I. -I./drivers/inc -pipe -D__hal__ -DALT_NO_INSTRUCTION_EMULATION -DALT_SINGLE_THREADED  -Wa,-gdwarf2  -o obj/HAL/src/alt_log_macro.o HAL/src/alt_log_macro.S
Compiling alt_log_printf.c...
nios2-elf-gcc -xc -MP -MMD -c  -I./HAL/inc -I. -I./drivers/inc -pipe -D__hal__ -DALT_NO_INSTRUCTION_EMULATION -DALT_SINGLE_THREADED    -O0 -g -Wall  -mno-hw-div -mhw-mul -mno-hw-mulx -mgpopt=global   -o obj/HAL/src/alt_log_printf.o HAL/src/alt_log_printf.c
Compiling alt_lseek.c...
nios2-elf-gcc -xc -MP -MMD -c  -I./HAL/inc -I. -I./drivers/inc -pipe -D__hal__ -DALT_NO_INSTRUCTION_EMULATION -DALT_SINGLE_THREADED    -O0 -g -Wall  -mno-hw-div -mhw-mul -mno-hw-mulx -mgpopt=global   -o obj/HAL/src/alt_lseek.o HAL/src/alt_lseek.c
Compiling alt_main.c...
nios2-elf-gcc -xc -MP -MMD -c  -I./HAL/inc -I. -I./drivers/inc -pipe -D__hal__ -DALT_NO_INSTRUCTION_EMULATION -DALT_SINGLE_THREADED    -O0 -g -Wall  -mno-hw-div -mhw-mul -mno-hw-mulx -mgpopt=global   -o obj/HAL/src/alt_main.o HAL/src/alt_main.c
Compiling alt_malloc_lock.c...
nios2-elf-gcc -xc -MP -MMD -c  -I./HAL/inc -I. -I./drivers/inc -pipe -D__hal__ -DALT_NO_INSTRUCTION_EMULATION -DALT_SINGLE_THREADED    -O0 -g -Wall  -mno-hw-div -mhw-mul -mno-hw-mulx -mgpopt=global   -o obj/HAL/src/alt_malloc_lock.o HAL/src/alt_malloc_lock.c
Compiling alt_mcount.S...
nios2-elf-gcc -MP -MMD -c   -O0 -g -Wall  -mno-hw-div -mhw-mul -mno-hw-mulx -mgpopt=global    -I./HAL/inc -I. -I./drivers/inc -pipe -D__hal__ -DALT_NO_INSTRUCTION_EMULATION -DALT_SINGLE_THREADED  -Wa,-gdwarf2  -o obj/HAL/src/alt_mcount.o HAL/src/alt_mcount.S
Compiling alt_open.c...
nios2-elf-gcc -xc -MP -MMD -c  -I./HAL/inc -I. -I./drivers/inc -pipe -D__hal__ -DALT_NO_INSTRUCTION_EMULATION -DALT_SINGLE_THREADED    -O0 -g -Wall  -mno-hw-div -mhw-mul -mno-hw-mulx -mgpopt=global   -o obj/HAL/src/alt_open.o HAL/src/alt_open.c
Compiling alt_printf.c...
nios2-elf-gcc -xc -MP -MMD -c  -I./HAL/inc -I. -I./drivers/inc -pipe -D__hal__ -DALT_NO_INSTRUCTION_EMULATION -DALT_SINGLE_THREADED    -O0 -g -Wall  -mno-hw-div -mhw-mul -mno-hw-mulx -mgpopt=global   -o obj/HAL/src/alt_printf.o HAL/src/alt_printf.c
Compiling alt_putchar.c...
nios2-elf-gcc -xc -MP -MMD -c  -I./HAL/inc -I. -I./drivers/inc -pipe -D__hal__ -DALT_NO_INSTRUCTION_EMULATION -DALT_SINGLE_THREADED    -O0 -g -Wall  -mno-hw-div -mhw-mul -mno-hw-mulx -mgpopt=global   -o obj/HAL/src/alt_putchar.o HAL/src/alt_putchar.c
Compiling alt_putcharbuf.c...
nios2-elf-gcc -xc -MP -MMD -c  -I./HAL/inc -I. -I./drivers/inc -pipe -D__hal__ -DALT_NO_INSTRUCTION_EMULATION -DALT_SINGLE_THREADED    -O0 -g -Wall  -mno-hw-div -mhw-mul -mno-hw-mulx -mgpopt=global   -o obj/HAL/src/alt_putcharbuf.o HAL/src/alt_putcharbuf.c
Compiling alt_putstr.c...
nios2-elf-gcc -xc -MP -MMD -c  -I./HAL/inc -I. -I./drivers/inc -pipe -D__hal__ -DALT_NO_INSTRUCTION_EMULATION -DALT_SINGLE_THREADED    -O0 -g -Wall  -mno-hw-div -mhw-mul -mno-hw-mulx -mgpopt=global   -o obj/HAL/src/alt_putstr.o HAL/src/alt_putstr.c
Compiling alt_read.c...
nios2-elf-gcc -xc -MP -MMD -c  -I./HAL/inc -I. -I./drivers/inc -pipe -D__hal__ -DALT_NO_INSTRUCTION_EMULATION -DALT_SINGLE_THREADED    -O0 -g -Wall  -mno-hw-div -mhw-mul -mno-hw-mulx -mgpopt=global   -o obj/HAL/src/alt_read.o HAL/src/alt_read.c
Compiling alt_release_fd.c...
nios2-elf-gcc -xc -MP -MMD -c  -I./HAL/inc -I. -I./drivers/inc -pipe -D__hal__ -DALT_NO_INSTRUCTION_EMULATION -DALT_SINGLE_THREADED    -O0 -g -Wall  -mno-hw-div -mhw-mul -mno-hw-mulx -mgpopt=global   -o obj/HAL/src/alt_release_fd.o HAL/src/alt_release_fd.c
Compiling alt_remap_cached.c...
nios2-elf-gcc -xc -MP -MMD -c  -I./HAL/inc -I. -I./drivers/inc -pipe -D__hal__ -DALT_NO_INSTRUCTION_EMULATION -DALT_SINGLE_THREADED    -O0 -g -Wall  -mno-hw-div -mhw-mul -mno-hw-mulx -mgpopt=global   -o obj/HAL/src/alt_remap_cached.o HAL/src/alt_remap_cached.c
Compiling alt_remap_uncached.c...
nios2-elf-gcc -xc -MP -MMD -c  -I./HAL/inc -I. -I./drivers/inc -pipe -D__hal__ -DALT_NO_INSTRUCTION_EMULATION -DALT_SINGLE_THREADED    -O0 -g -Wall  -mno-hw-div -mhw-mul -mno-hw-mulx -mgpopt=global   -o obj/HAL/src/alt_remap_uncached.o HAL/src/alt_remap_uncached.c
Compiling alt_rename.c...
nios2-elf-gcc -xc -MP -MMD -c  -I./HAL/inc -I. -I./drivers/inc -pipe -D__hal__ -DALT_NO_INSTRUCTION_EMULATION -DALT_SINGLE_THREADED    -O0 -g -Wall  -mno-hw-div -mhw-mul -mno-hw-mulx -mgpopt=global   -o obj/HAL/src/alt_rename.o HAL/src/alt_rename.c
Compiling alt_sbrk.c...
nios2-elf-gcc -xc -MP -MMD -c  -I./HAL/inc -I. -I./drivers/inc -pipe -D__hal__ -DALT_NO_INSTRUCTION_EMULATION -DALT_SINGLE_THREADED    -O0 -g -Wall  -mno-hw-div -mhw-mul -mno-hw-mulx -mgpopt=global   -o obj/HAL/src/alt_sbrk.o HAL/src/alt_sbrk.c
Compiling alt_settod.c...
nios2-elf-gcc -xc -MP -MMD -c  -I./HAL/inc -I. -I./drivers/inc -pipe -D__hal__ -DALT_NO_INSTRUCTION_EMULATION -DALT_SINGLE_THREADED    -O0 -g -Wall  -mno-hw-div -mhw-mul -mno-hw-mulx -mgpopt=global   -o obj/HAL/src/alt_settod.o HAL/src/alt_settod.c
Compiling alt_software_exception.S...
nios2-elf-gcc -MP -MMD -c   -O0 -g -Wall  -mno-hw-div -mhw-mul -mno-hw-mulx -mgpopt=global    -I./HAL/inc -I. -I./drivers/inc -pipe -D__hal__ -DALT_NO_INSTRUCTION_EMULATION -DALT_SINGLE_THREADED  -Wa,-gdwarf2  -o obj/HAL/src/alt_software_exception.o HAL/src/alt_software_exception.S
Compiling alt_stat.c...
nios2-elf-gcc -xc -MP -MMD -c  -I./HAL/inc -I. -I./drivers/inc -pipe -D__hal__ -DALT_NO_INSTRUCTION_EMULATION -DALT_SINGLE_THREADED    -O0 -g -Wall  -mno-hw-div -mhw-mul -mno-hw-mulx -mgpopt=global   -o obj/HAL/src/alt_stat.o HAL/src/alt_stat.c
Compiling alt_tick.c...
nios2-elf-gcc -xc -MP -MMD -c  -I./HAL/inc -I. -I./drivers/inc -pipe -D__hal__ -DALT_NO_INSTRUCTION_EMULATION -DALT_SINGLE_THREADED    -O0 -g -Wall  -mno-hw-div -mhw-mul -mno-hw-mulx -mgpopt=global   -o obj/HAL/src/alt_tick.o HAL/src/alt_tick.c
Compiling alt_times.c...
nios2-elf-gcc -xc -MP -MMD -c  -I./HAL/inc -I. -I./drivers/inc -pipe -D__hal__ -DALT_NO_INSTRUCTION_EMULATION -DALT_SINGLE_THREADED    -O0 -g -Wall  -mno-hw-div -mhw-mul -mno-hw-mulx -mgpopt=global   -o obj/HAL/src/alt_times.o HAL/src/alt_times.c
Compiling alt_uncached_free.c...
nios2-elf-gcc -xc -MP -MMD -c  -I./HAL/inc -I. -I./drivers/inc -pipe -D__hal__ -DALT_NO_INSTRUCTION_EMULATION -DALT_SINGLE_THREADED    -O0 -g -Wall  -mno-hw-div -mhw-mul -mno-hw-mulx -mgpopt=global   -o obj/HAL/src/alt_uncached_free.o HAL/src/alt_uncached_free.c
Compiling alt_uncached_malloc.c...
nios2-elf-gcc -xc -MP -MMD -c  -I./HAL/inc -I. -I./drivers/inc -pipe -D__hal__ -DALT_NO_INSTRUCTION_EMULATION -DALT_SINGLE_THREADED    -O0 -g -Wall  -mno-hw-div -mhw-mul -mno-hw-mulx -mgpopt=global   -o obj/HAL/src/alt_uncached_malloc.o HAL/src/alt_uncached_malloc.c
Compiling alt_unlink.c...
nios2-elf-gcc -xc -MP -MMD -c  -I./HAL/inc -I. -I./drivers/inc -pipe -D__hal__ -DALT_NO_INSTRUCTION_EMULATION -DALT_SINGLE_THREADED    -O0 -g -Wall  -mno-hw-div -mhw-mul -mno-hw-mulx -mgpopt=global   -o obj/HAL/src/alt_unlink.o HAL/src/alt_unlink.c
Compiling alt_usleep.c...
nios2-elf-gcc -xc -MP -MMD -c  -I./HAL/inc -I. -I./drivers/inc -pipe -D__hal__ -DALT_NO_INSTRUCTION_EMULATION -DALT_SINGLE_THREADED    -O0 -g -Wall  -mno-hw-div -mhw-mul -mno-hw-mulx -mgpopt=global   -o obj/HAL/src/alt_usleep.o HAL/src/alt_usleep.c
Compiling alt_wait.c...
nios2-elf-gcc -xc -MP -MMD -c  -I./HAL/inc -I. -I./drivers/inc -pipe -D__hal__ -DALT_NO_INSTRUCTION_EMULATION -DALT_SINGLE_THREADED    -O0 -g -Wall  -mno-hw-div -mhw-mul -mno-hw-mulx -mgpopt=global   -o obj/HAL/src/alt_wait.o HAL/src/alt_wait.c
Compiling alt_write.c...
nios2-elf-gcc -xc -MP -MMD -c  -I./HAL/inc -I. -I./drivers/inc -pipe -D__hal__ -DALT_NO_INSTRUCTION_EMULATION -DALT_SINGLE_THREADED    -O0 -g -Wall  -mno-hw-div -mhw-mul -mno-hw-mulx -mgpopt=global   -o obj/HAL/src/alt_write.o HAL/src/alt_write.c
Compiling altera_nios2_gen2_irq.c...
nios2-elf-gcc -xc -MP -MMD -c  -I./HAL/inc -I. -I./drivers/inc -pipe -D__hal__ -DALT_NO_INSTRUCTION_EMULATION -DALT_SINGLE_THREADED    -O0 -g -Wall  -mno-hw-div -mhw-mul -mno-hw-mulx -mgpopt=global   -o obj/HAL/src/altera_nios2_gen2_irq.o HAL/src/altera_nios2_gen2_irq.c
Compiling crt0.S...
nios2-elf-gcc -MP -MMD -c   -O0 -g -Wall  -mno-hw-div -mhw-mul -mno-hw-mulx -mgpopt=global    -I./HAL/inc -I. -I./drivers/inc -pipe -D__hal__ -DALT_NO_INSTRUCTION_EMULATION -DALT_SINGLE_THREADED  -Wa,-gdwarf2  -o obj/HAL/src/crt0.o HAL/src/crt0.S
Compiling alt_sys_init.c...
nios2-elf-gcc -xc -MP -MMD -c  -I./HAL/inc -I. -I./drivers/inc -pipe -D__hal__ -DALT_NO_INSTRUCTION_EMULATION -DALT_SINGLE_THREADED    -O0 -g -Wall  -mno-hw-div -mhw-mul -mno-hw-mulx -mgpopt=global   -o obj/alt_sys_init.o alt_sys_init.c
Compiling altera_avalon_jtag_uart_fd.c...
nios2-elf-gcc -xc -MP -MMD -c  -I./HAL/inc -I. -I./drivers/inc -pipe -D__hal__ -DALT_NO_INSTRUCTION_EMULATION -DALT_SINGLE_THREADED    -O0 -g -Wall  -mno-hw-div -mhw-mul -mno-hw-mulx -mgpopt=global   -o obj/drivers/src/altera_avalon_jtag_uart_fd.o drivers/src/altera_avalon_jtag_uart_fd.c
Compiling altera_avalon_jtag_uart_init.c...
nios2-elf-gcc -xc -MP -MMD -c  -I./HAL/inc -I. -I./drivers/inc -pipe -D__hal__ -DALT_NO_INSTRUCTION_EMULATION -DALT_SINGLE_THREADED    -O0 -g -Wall  -mno-hw-div -mhw-mul -mno-hw-mulx -mgpopt=global   -o obj/drivers/src/altera_avalon_jtag_uart_init.o drivers/src/altera_avalon_jtag_uart_init.c
Compiling altera_avalon_jtag_uart_ioctl.c...
nios2-elf-gcc -xc -MP -MMD -c  -I./HAL/inc -I. -I./drivers/inc -pipe -D__hal__ -DALT_NO_INSTRUCTION_EMULATION -DALT_SINGLE_THREADED    -O0 -g -Wall  -mno-hw-div -mhw-mul -mno-hw-mulx -mgpopt=global   -o obj/drivers/src/altera_avalon_jtag_uart_ioctl.o drivers/src/altera_avalon_jtag_uart_ioctl.c
Compiling altera_avalon_jtag_uart_read.c...
nios2-elf-gcc -xc -MP -MMD -c  -I./HAL/inc -I. -I./drivers/inc -pipe -D__hal__ -DALT_NO_INSTRUCTION_EMULATION -DALT_SINGLE_THREADED    -O0 -g -Wall  -mno-hw-div -mhw-mul -mno-hw-mulx -mgpopt=global   -o obj/drivers/src/altera_avalon_jtag_uart_read.o drivers/src/altera_avalon_jtag_uart_read.c
Compiling altera_avalon_jtag_uart_write.c...
nios2-elf-gcc -xc -MP -MMD -c  -I./HAL/inc -I. -I./drivers/inc -pipe -D__hal__ -DALT_NO_INSTRUCTION_EMULATION -DALT_SINGLE_THREADED    -O0 -g -Wall  -mno-hw-div -mhw-mul -mno-hw-mulx -mgpopt=global   -o obj/drivers/src/altera_avalon_jtag_uart_write.o drivers/src/altera_avalon_jtag_uart_write.c
Compiling altera_avalon_lcd_16207.c...
nios2-elf-gcc -xc -MP -MMD -c  -I./HAL/inc -I. -I./drivers/inc -pipe -D__hal__ -DALT_NO_INSTRUCTION_EMULATION -DALT_SINGLE_THREADED    -O0 -g -Wall  -mno-hw-div -mhw-mul -mno-hw-mulx -mgpopt=global   -o obj/drivers/src/altera_avalon_lcd_16207.o drivers/src/altera_avalon_lcd_16207.c
Compiling altera_avalon_lcd_16207_fd.c...
nios2-elf-gcc -xc -MP -MMD -c  -I./HAL/inc -I. -I./drivers/inc -pipe -D__hal__ -DALT_NO_INSTRUCTION_EMULATION -DALT_SINGLE_THREADED    -O0 -g -Wall  -mno-hw-div -mhw-mul -mno-hw-mulx -mgpopt=global   -o obj/drivers/src/altera_avalon_lcd_16207_fd.o drivers/src/altera_avalon_lcd_16207_fd.c
Compiling altera_avalon_timer_sc.c...
nios2-elf-gcc -xc -MP -MMD -c  -I./HAL/inc -I. -I./drivers/inc -pipe -D__hal__ -DALT_NO_INSTRUCTION_EMULATION -DALT_SINGLE_THREADED    -O0 -g -Wall  -mno-hw-div -mhw-mul -mno-hw-mulx -mgpopt=global   -o obj/drivers/src/altera_avalon_timer_sc.o drivers/src/altera_avalon_timer_sc.c
Compiling altera_avalon_timer_ts.c...
nios2-elf-gcc -xc -MP -MMD -c  -I./HAL/inc -I. -I./drivers/inc -pipe -D__hal__ -DALT_NO_INSTRUCTION_EMULATION -DALT_SINGLE_THREADED    -O0 -g -Wall  -mno-hw-div -mhw-mul -mno-hw-mulx -mgpopt=global   -o obj/drivers/src/altera_avalon_timer_ts.o drivers/src/altera_avalon_timer_ts.c
Compiling altera_avalon_timer_vars.c...
nios2-elf-gcc -xc -MP -MMD -c  -I./HAL/inc -I. -I./drivers/inc -pipe -D__hal__ -DALT_NO_INSTRUCTION_EMULATION -DALT_SINGLE_THREADED    -O0 -g -Wall  -mno-hw-div -mhw-mul -mno-hw-mulx -mgpopt=global   -o obj/drivers/src/altera_avalon_timer_vars.o drivers/src/altera_avalon_timer_vars.c
Compiling altera_avalon_uart_fd.c...
nios2-elf-gcc -xc -MP -MMD -c  -I./HAL/inc -I. -I./drivers/inc -pipe -D__hal__ -DALT_NO_INSTRUCTION_EMULATION -DALT_SINGLE_THREADED    -O0 -g -Wall  -mno-hw-div -mhw-mul -mno-hw-mulx -mgpopt=global   -o obj/drivers/src/altera_avalon_uart_fd.o drivers/src/altera_avalon_uart_fd.c
Compiling altera_avalon_uart_init.c...
nios2-elf-gcc -xc -MP -MMD -c  -I./HAL/inc -I. -I./drivers/inc -pipe -D__hal__ -DALT_NO_INSTRUCTION_EMULATION -DALT_SINGLE_THREADED    -O0 -g -Wall  -mno-hw-div -mhw-mul -mno-hw-mulx -mgpopt=global   -o obj/drivers/src/altera_avalon_uart_init.o drivers/src/altera_avalon_uart_init.c
Compiling altera_avalon_uart_ioctl.c...
nios2-elf-gcc -xc -MP -MMD -c  -I./HAL/inc -I. -I./drivers/inc -pipe -D__hal__ -DALT_NO_INSTRUCTION_EMULATION -DALT_SINGLE_THREADED    -O0 -g -Wall  -mno-hw-div -mhw-mul -mno-hw-mulx -mgpopt=global   -o obj/drivers/src/altera_avalon_uart_ioctl.o drivers/src/altera_avalon_uart_ioctl.c
Compiling altera_avalon_uart_read.c...
nios2-elf-gcc -xc -MP -MMD -c  -I./HAL/inc -I. -I./drivers/inc -pipe -D__hal__ -DALT_NO_INSTRUCTION_EMULATION -DALT_SINGLE_THREADED    -O0 -g -Wall  -mno-hw-div -mhw-mul -mno-hw-mulx -mgpopt=global   -o obj/drivers/src/altera_avalon_uart_read.o drivers/src/altera_avalon_uart_read.c
Compiling altera_avalon_uart_write.c...
nios2-elf-gcc -xc -MP -MMD -c  -I./HAL/inc -I. -I./drivers/inc -pipe -D__hal__ -DALT_NO_INSTRUCTION_EMULATION -DALT_SINGLE_THREADED    -O0 -g -Wall  -mno-hw-div -mhw-mul -mno-hw-mulx -mgpopt=global   -o obj/drivers/src/altera_avalon_uart_write.o drivers/src/altera_avalon_uart_write.c
Creating libhal_bsp.a...
rm -f -f libhal_bsp.a
nios2-elf-ar -src libhal_bsp.a obj/HAL/src/alt_alarm_start.o obj/HAL/src/alt_busy_sleep.o obj/HAL/src/alt_close.o obj/HAL/src/alt_dcache_flush.o obj/HAL/src/alt_dcache_flush_all.o obj/HAL/src/alt_dcache_flush_no_writeback.o obj/HAL/src/alt_dev.o obj/HAL/src/alt_dev_llist_insert.o obj/HAL/src/alt_dma_rxchan_open.o obj/HAL/src/alt_dma_txchan_open.o obj/HAL/src/alt_do_ctors.o obj/HAL/src/alt_do_dtors.o obj/HAL/src/alt_ecc_fatal_entry.o obj/HAL/src/alt_ecc_fatal_exception.o obj/HAL/src/alt_env_lock.o obj/HAL/src/alt_environ.o obj/HAL/src/alt_errno.o obj/HAL/src/alt_exception_entry.o obj/HAL/src/alt_exception_muldiv.o obj/HAL/src/alt_exception_trap.o obj/HAL/src/alt_execve.o obj/HAL/src/alt_exit.o obj/HAL/src/alt_fcntl.o obj/HAL/src/alt_fd_lock.o obj/HAL/src/alt_fd_unlock.o obj/HAL/src/alt_find_dev.o obj/HAL/src/alt_find_file.o obj/HAL/src/alt_flash_dev.o obj/HAL/src/alt_fork.o obj/HAL/src/alt_fs_reg.o obj/HAL/src/alt_fstat.o obj/HAL/src/alt_get_fd.o obj/HAL/src/alt_getchar.o obj/HAL/src/alt_getpid.o obj/HAL/src/alt_gettod.o obj/HAL/src/alt_gmon.o obj/HAL/src/alt_icache_flush.o obj/HAL/src/alt_icache_flush_all.o obj/HAL/src/alt_iic.o obj/HAL/src/alt_iic_isr_register.o obj/HAL/src/alt_instruction_exception_entry.o obj/HAL/src/alt_instruction_exception_register.o obj/HAL/src/alt_io_redirect.o obj/HAL/src/alt_ioctl.o obj/HAL/src/alt_irq_entry.o obj/HAL/src/alt_irq_handler.o obj/HAL/src/alt_irq_register.o obj/HAL/src/alt_irq_vars.o obj/HAL/src/alt_isatty.o obj/HAL/src/alt_kill.o obj/HAL/src/alt_link.o obj/HAL/src/alt_load.o obj/HAL/src/alt_log_macro.o obj/HAL/src/alt_log_printf.o obj/HAL/src/alt_lseek.o obj/HAL/src/alt_main.o obj/HAL/src/alt_malloc_lock.o obj/HAL/src/alt_mcount.o obj/HAL/src/alt_open.o obj/HAL/src/alt_printf.o obj/HAL/src/alt_putchar.o obj/HAL/src/alt_putcharbuf.o obj/HAL/src/alt_putstr.o obj/HAL/src/alt_read.o obj/HAL/src/alt_release_fd.o obj/HAL/src/alt_remap_cached.o obj/HAL/src/alt_remap_uncached.o obj/HAL/src/alt_rename.o obj/HAL/src/alt_sbrk.o obj/HAL/src/alt_settod.o obj/HAL/src/alt_software_exception.o obj/HAL/src/alt_stat.o obj/HAL/src/alt_tick.o obj/HAL/src/alt_times.o obj/HAL/src/alt_uncached_free.o obj/HAL/src/alt_uncached_malloc.o obj/HAL/src/alt_unlink.o obj/HAL/src/alt_usleep.o obj/HAL/src/alt_wait.o obj/HAL/src/alt_write.o obj/HAL/src/altera_nios2_gen2_irq.o obj/HAL/src/crt0.o obj/alt_sys_init.o obj/drivers/src/altera_avalon_jtag_uart_fd.o obj/drivers/src/altera_avalon_jtag_uart_init.o obj/drivers/src/altera_avalon_jtag_uart_ioctl.o obj/drivers/src/altera_avalon_jtag_uart_read.o obj/drivers/src/altera_avalon_jtag_uart_write.o obj/drivers/src/altera_avalon_lcd_16207.o obj/drivers/src/altera_avalon_lcd_16207_fd.o obj/drivers/src/altera_avalon_timer_sc.o obj/drivers/src/altera_avalon_timer_ts.o obj/drivers/src/altera_avalon_timer_vars.o obj/drivers/src/altera_avalon_uart_fd.o obj/drivers/src/altera_avalon_uart_init.o obj/drivers/src/altera_avalon_uart_ioctl.o obj/drivers/src/altera_avalon_uart_read.o obj/drivers/src/altera_avalon_uart_write.o
[BSP build complete]
Info: Compiling hello_world.c to obj/default/hello_world.o
nios2-elf-gcc -xc -MP -MMD -c -I../Assignment1_bsp//HAL/inc -I../Assignment1_bsp/ -I../Assignment1_bsp//drivers/inc  -pipe -D__hal__ -DALT_NO_INSTRUCTION_EMULATION -DALT_SINGLE_THREADED    -O0 -g -Wall   -mno-hw-div -mhw-mul -mno-hw-mulx -mgpopt=global  -o obj/default/hello_world.o hello_world.c
Info: Linking Assignment1.elf
nios2-elf-g++  -T'../Assignment1_bsp//linker.x' -msys-crt0='../Assignment1_bsp//obj/HAL/src/crt0.o' -msys-lib=hal_bsp -L../Assignment1_bsp/   -Wl,-Map=Assignment1.map   -O0 -g -Wall   -mno-hw-div -mhw-mul -mno-hw-mulx -mgpopt=global  -o Assignment1.elf obj/default/hello_world.o -lm -msys-lib=m
nios2-elf-insert Assignment1.elf --thread_model hal --cpu_name cpu --qsys true --simulation_enabled false --stderr_dev jtag_uart --stdin_dev jtag_uart --stdout_dev jtag_uart --sopc_system_name nios2_system --quartus_project_dir "C:/Users/Jacob/Desktop/CS303-A1" --sopcinfo C:/Users/Jacob/Desktop/CS303-A1/software/Assignment1_bsp/../../nios2_system.sopcinfo
Info: (Assignment1.elf) 36 KBytes program size (code + initialized data).
Info:                   8148 KBytes free for stack + heap.
Info: Creating Assignment1.objdump
nios2-elf-objdump --disassemble --syms --all-header --source Assignment1.elf >Assignment1.objdump
[Assignment1 build complete]
13:17:11 **** Incremental Build of configuration Nios II for project Assignment1 ****
make all 
Info: Building ../Assignment1_bsp/
D:/Programs/QuartusPrime/nios2eds/bin/gnu/H-x86_64-mingw32/bin/make --no-print-directory -C ../Assignment1_bsp/
[BSP build complete]
[Assignment1 build complete]
13:17:30 **** Build of configuration Nios II for project Assignment1 ****
make all 
Info: Building ../Assignment1_bsp/
D:/Programs/QuartusPrime/nios2eds/bin/gnu/H-x86_64-mingw32/bin/make --no-print-directory -C ../Assignment1_bsp/
[BSP build complete]
Info: Compiling hello_world.c to obj/default/hello_world.o
nios2-elf-gcc -xc -MP -MMD -c -I../Assignment1_bsp//HAL/inc -I../Assignment1_bsp/ -I../Assignment1_bsp//drivers/inc  -pipe -D__hal__ -DALT_NO_INSTRUCTION_EMULATION -DALT_SINGLE_THREADED    -O0 -g -Wall   -mno-hw-div -mhw-mul -mno-hw-mulx -mgpopt=global  -o obj/default/hello_world.o hello_world.c
hello_world.c: In function 'main':
hello_world.c:82:18: warning: passing argument 1 of 'alt_alarm_start' discards 'volatile' qualifier from pointer target type [-Wdiscarded-qualifiers]
  alt_alarm_start(&timer, LIGHT_TRANSITION_TIME, tlc_timer_isr, CurrentModeContex); //Start the timer
                  ^
In file included from hello_world.c:3:0:
../Assignment1_bsp//HAL/inc/sys/alt_alarm.h:67:12: note: expected 'alt_alarm * {aka struct alt_alarm_s *}' but argument is of type 'volatile alt_alarm * {aka volatile struct alt_alarm_s *}'
 extern int alt_alarm_start (alt_alarm* the_alarm, 
            ^
hello_world.c: In function 'init_buttons_pio':
hello_world.c:201:2: warning: implicit declaration of function 'alt_irq_register' [-Wimplicit-function-declaration]
  alt_irq_register(KEYS_IRQ,context, NSEW_ped_isr);
  ^
hello_world.c: In function 'timeout_data_handler':
hello_world.c:326:43: warning: passing argument 1 of 'ParseNewTimeout' from incompatible pointer type [-Wincompatible-pointer-types]
       valid_new_timeout = ParseNewTimeout(&New_Timeout, New_Timeout_Index);
                                           ^
hello_world.c:26:5: note: expected 'char *' but argument is of type 'char (*)[40]'
 int ParseNewTimeout(char *New_Timeout, int New_Timeout_Index);
     ^
hello_world.c:315:12: warning: unused variable 'letter' [-Wunused-variable]
       char letter = '0';
            ^
hello_world.c: In function 'ParseNewTimeout':
hello_world.c:346:10: warning: implicit declaration of function 'strtok' [-Wimplicit-function-declaration]
  token = strtok(New_Timeout, ",");
          ^
hello_world.c:346:8: warning: assignment makes pointer from integer without a cast [-Wint-conversion]
  token = strtok(New_Timeout, ",");
        ^
hello_world.c:362:9: warning: assignment makes pointer from integer without a cast [-Wint-conversion]
   token = strtok(NULL, ",");
         ^
Info: Linking Assignment1.elf
nios2-elf-g++  -T'../Assignment1_bsp//linker.x' -msys-crt0='../Assignment1_bsp//obj/HAL/src/crt0.o' -msys-lib=hal_bsp -L../Assignment1_bsp/   -Wl,-Map=Assignment1.map   -O0 -g -Wall   -mno-hw-div -mhw-mul -mno-hw-mulx -mgpopt=global  -o Assignment1.elf obj/default/hello_world.o -lm -msys-lib=m
nios2-elf-insert Assignment1.elf --thread_model hal --cpu_name cpu --qsys true --simulation_enabled false --stderr_dev jtag_uart --stdin_dev jtag_uart --stdout_dev jtag_uart --sopc_system_name nios2_system --quartus_project_dir "C:/Users/Jacob/Desktop/CS303-A1" --sopcinfo C:/Users/Jacob/Desktop/CS303-A1/software/Assignment1_bsp/../../nios2_system.sopcinfo
Info: (Assignment1.elf) 83 KBytes program size (code + initialized data).
Info:                   8101 KBytes free for stack + heap.
Info: Creating Assignment1.objdump
nios2-elf-objdump --disassemble --syms --all-header --source Assignment1.elf >Assignment1.objdump
[Assignment1 build complete]
13:17:33 **** Incremental Build of configuration Nios II for project Assignment1 ****
make all 
Info: Building ../Assignment1_bsp/
D:/Programs/QuartusPrime/nios2eds/bin/gnu/H-x86_64-mingw32/bin/make --no-print-directory -C ../Assignment1_bsp/
[BSP build complete]
[Assignment1 build complete]
13:30:03 **** Build of configuration Nios II for project Assignment1 ****
make all 
Info: Building ../Assignment1_bsp/
D:/Programs/QuartusPrime/nios2eds/bin/gnu/H-x86_64-mingw32/bin/make --no-print-directory -C ../Assignment1_bsp/
[BSP build complete]
Info: Compiling hello_world.c to obj/default/hello_world.o
nios2-elf-gcc -xc -MP -MMD -c -I../Assignment1_bsp//HAL/inc -I../Assignment1_bsp/ -I../Assignment1_bsp//drivers/inc  -pipe -D__hal__ -DALT_NO_INSTRUCTION_EMULATION -DALT_SINGLE_THREADED    -O0 -g -Wall   -mno-hw-div -mhw-mul -mno-hw-mulx -mgpopt=global  -o obj/default/hello_world.o hello_world.c
hello_world.c: In function 'main':
hello_world.c:83:18: warning: passing argument 1 of 'alt_alarm_start' discards 'volatile' qualifier from pointer target type [-Wdiscarded-qualifiers]
  alt_alarm_start(&timer, LIGHT_TRANSITION_TIME, tlc_timer_isr, CurrentModeContex); //Start the timer
                  ^
In file included from hello_world.c:3:0:
../Assignment1_bsp//HAL/inc/sys/alt_alarm.h:67:12: note: expected 'alt_alarm * {aka struct alt_alarm_s *}' but argument is of type 'volatile alt_alarm * {aka volatile struct alt_alarm_s *}'
 extern int alt_alarm_start (alt_alarm* the_alarm, 
            ^
hello_world.c: In function 'init_buttons_pio':
hello_world.c:202:2: warning: implicit declaration of function 'alt_irq_register' [-Wimplicit-function-declaration]
  alt_irq_register(KEYS_IRQ,context, NSEW_ped_isr);
  ^
hello_world.c: In function 'timeout_data_handler':
hello_world.c:309:21: warning: passing argument 1 of 'alt_alarm_stop' discards 'volatile' qualifier from pointer target type [-Wdiscarded-qualifiers]
      alt_alarm_stop(&timer);//Stop the timer.
                     ^
In file included from hello_world.c:3:0:
../Assignment1_bsp//HAL/inc/sys/alt_alarm.h:77:13: note: expected 'alt_alarm * {aka struct alt_alarm_s *}' but argument is of type 'volatile alt_alarm * {aka volatile struct alt_alarm_s *}'
 extern void alt_alarm_stop (alt_alarm* the_alarm);
             ^
hello_world.c:328:43: warning: passing argument 1 of 'ParseNewTimeout' from incompatible pointer type [-Wincompatible-pointer-types]
       valid_new_timeout = ParseNewTimeout(&New_Timeout, New_Timeout_Index);
                                           ^
hello_world.c:26:5: note: expected 'char *' but argument is of type 'char (*)[40]'
 int ParseNewTimeout(char *New_Timeout, int New_Timeout_Index);
     ^
hello_world.c:317:12: warning: unused variable 'letter' [-Wunused-variable]
       char letter = '0';
            ^
hello_world.c:337:22: warning: passing argument 1 of 'alt_alarm_start' discards 'volatile' qualifier from pointer target type [-Wdiscarded-qualifiers]
      alt_alarm_start(&timer, LIGHT_TRANSITION_TIME, tlc_timer_isr, CurrentModeContex);    }
                      ^
In file included from hello_world.c:3:0:
../Assignment1_bsp//HAL/inc/sys/alt_alarm.h:67:12: note: expected 'alt_alarm * {aka struct alt_alarm_s *}' but argument is of type 'volatile alt_alarm * {aka volatile struct alt_alarm_s *}'
 extern int alt_alarm_start (alt_alarm* the_alarm, 
            ^
hello_world.c: In function 'ParseNewTimeout':
hello_world.c:349:10: warning: implicit declaration of function 'strtok' [-Wimplicit-function-declaration]
  token = strtok(New_Timeout, ",");
          ^
hello_world.c:349:8: warning: assignment makes pointer from integer without a cast [-Wint-conversion]
  token = strtok(New_Timeout, ",");
        ^
hello_world.c:365:9: warning: assignment makes pointer from integer without a cast [-Wint-conversion]
   token = strtok(NULL, ",");
         ^
Info: Linking Assignment1.elf
nios2-elf-g++  -T'../Assignment1_bsp//linker.x' -msys-crt0='../Assignment1_bsp//obj/HAL/src/crt0.o' -msys-lib=hal_bsp -L../Assignment1_bsp/   -Wl,-Map=Assignment1.map   -O0 -g -Wall   -mno-hw-div -mhw-mul -mno-hw-mulx -mgpopt=global  -o Assignment1.elf obj/default/hello_world.o -lm -msys-lib=m
nios2-elf-insert Assignment1.elf --thread_model hal --cpu_name cpu --qsys true --simulation_enabled false --stderr_dev jtag_uart --stdin_dev jtag_uart --stdout_dev jtag_uart --sopc_system_name nios2_system --quartus_project_dir "C:/Users/Jacob/Desktop/CS303-A1" --sopcinfo C:/Users/Jacob/Desktop/CS303-A1/software/Assignment1_bsp/../../nios2_system.sopcinfo
Info: (Assignment1.elf) 83 KBytes program size (code + initialized data).
Info:                   8101 KBytes free for stack + heap.
Info: Creating Assignment1.objdump
nios2-elf-objdump --disassemble --syms --all-header --source Assignment1.elf >Assignment1.objdump
[Assignment1 build complete]
13:30:06 **** Incremental Build of configuration Nios II for project Assignment1 ****
make all 
Info: Building ../Assignment1_bsp/
D:/Programs/QuartusPrime/nios2eds/bin/gnu/H-x86_64-mingw32/bin/make --no-print-directory -C ../Assignment1_bsp/
[BSP build complete]
[Assignment1 build complete]
13:31:10 **** Build of configuration Nios II for project Assignment1 ****
make all 
Info: Building ../Assignment1_bsp/
D:/Programs/QuartusPrime/nios2eds/bin/gnu/H-x86_64-mingw32/bin/make --no-print-directory -C ../Assignment1_bsp/
[BSP build complete]
Info: Compiling hello_world.c to obj/default/hello_world.o
nios2-elf-gcc -xc -MP -MMD -c -I../Assignment1_bsp//HAL/inc -I../Assignment1_bsp/ -I../Assignment1_bsp//drivers/inc  -pipe -D__hal__ -DALT_NO_INSTRUCTION_EMULATION -DALT_SINGLE_THREADED    -O0 -g -Wall   -mno-hw-div -mhw-mul -mno-hw-mulx -mgpopt=global  -o obj/default/hello_world.o hello_world.c
hello_world.c: In function 'main':
hello_world.c:83:18: warning: passing argument 1 of 'alt_alarm_start' discards 'volatile' qualifier from pointer target type [-Wdiscarded-qualifiers]
  alt_alarm_start(&timer, LIGHT_TRANSITION_TIME, tlc_timer_isr, CurrentModeContex); //Start the timer
                  ^
In file included from hello_world.c:3:0:
../Assignment1_bsp//HAL/inc/sys/alt_alarm.h:67:12: note: expected 'alt_alarm * {aka struct alt_alarm_s *}' but argument is of type 'volatile alt_alarm * {aka volatile struct alt_alarm_s *}'
 extern int alt_alarm_start (alt_alarm* the_alarm, 
            ^
hello_world.c: In function 'init_buttons_pio':
hello_world.c:202:2: warning: implicit declaration of function 'alt_irq_register' [-Wimplicit-function-declaration]
  alt_irq_register(KEYS_IRQ,context, NSEW_ped_isr);
  ^
hello_world.c: In function 'timeout_data_handler':
hello_world.c:310:21: warning: passing argument 1 of 'alt_alarm_stop' discards 'volatile' qualifier from pointer target type [-Wdiscarded-qualifiers]
      alt_alarm_stop(&timer);//Stop the timer.
                     ^
In file included from hello_world.c:3:0:
../Assignment1_bsp//HAL/inc/sys/alt_alarm.h:77:13: note: expected 'alt_alarm * {aka struct alt_alarm_s *}' but argument is of type 'volatile alt_alarm * {aka volatile struct alt_alarm_s *}'
 extern void alt_alarm_stop (alt_alarm* the_alarm);
             ^
hello_world.c:329:43: warning: passing argument 1 of 'ParseNewTimeout' from incompatible pointer type [-Wincompatible-pointer-types]
       valid_new_timeout = ParseNewTimeout(&New_Timeout, New_Timeout_Index);
                                           ^
hello_world.c:26:5: note: expected 'char *' but argument is of type 'char (*)[40]'
 int ParseNewTimeout(char *New_Timeout, int New_Timeout_Index);
     ^
hello_world.c:318:12: warning: unused variable 'letter' [-Wunused-variable]
       char letter = '0';
            ^
hello_world.c: In function 'ParseNewTimeout':
hello_world.c:350:10: warning: implicit declaration of function 'strtok' [-Wimplicit-function-declaration]
  token = strtok(New_Timeout, ",");
          ^
hello_world.c:350:8: warning: assignment makes pointer from integer without a cast [-Wint-conversion]
  token = strtok(New_Timeout, ",");
        ^
hello_world.c:366:9: warning: assignment makes pointer from integer without a cast [-Wint-conversion]
   token = strtok(NULL, ",");
         ^
hello_world.c: In function 'timeout_data_handler':
hello_world.c:381:1: error: expected declaration or statement at end of input
 }
 ^
make: *** [obj/default/hello_world.o] Error 1
13:31:11 **** Incremental Build of configuration Nios II for project Assignment1 ****
make all 
Info: Building ../Assignment1_bsp/
D:/Programs/QuartusPrime/nios2eds/bin/gnu/H-x86_64-mingw32/bin/make --no-print-directory -C ../Assignment1_bsp/
[BSP build complete]
Info: Compiling hello_world.c to obj/default/hello_world.o
nios2-elf-gcc -xc -MP -MMD -c -I../Assignment1_bsp//HAL/inc -I../Assignment1_bsp/ -I../Assignment1_bsp//drivers/inc  -pipe -D__hal__ -DALT_NO_INSTRUCTION_EMULATION -DALT_SINGLE_THREADED    -O0 -g -Wall   -mno-hw-div -mhw-mul -mno-hw-mulx -mgpopt=global  -o obj/default/hello_world.o hello_world.c
hello_world.c: In function 'main':
hello_world.c:83:18: warning: passing argument 1 of 'alt_alarm_start' discards 'volatile' qualifier from pointer target type [-Wdiscarded-qualifiers]
  alt_alarm_start(&timer, LIGHT_TRANSITION_TIME, tlc_timer_isr, CurrentModeContex); //Start the timer
                  ^
In file included from hello_world.c:3:0:
../Assignment1_bsp//HAL/inc/sys/alt_alarm.h:67:12: note: expected 'alt_alarm * {aka struct alt_alarm_s *}' but argument is of type 'volatile alt_alarm * {aka volatile struct alt_alarm_s *}'
 extern int alt_alarm_start (alt_alarm* the_alarm, 
            ^
hello_world.c: In function 'init_buttons_pio':
hello_world.c:202:2: warning: implicit declaration of function 'alt_irq_register' [-Wimplicit-function-declaration]
  alt_irq_register(KEYS_IRQ,context, NSEW_ped_isr);
  ^
hello_world.c: In function 'timeout_data_handler':
hello_world.c:310:21: warning: passing argument 1 of 'alt_alarm_stop' discards 'volatile' qualifier from pointer target type [-Wdiscarded-qualifiers]
      alt_alarm_stop(&timer);//Stop the timer.
                     ^
In file included from hello_world.c:3:0:
../Assignment1_bsp//HAL/inc/sys/alt_alarm.h:77:13: note: expected 'alt_alarm * {aka struct alt_alarm_s *}' but argument is of type 'volatile alt_alarm * {aka volatile struct alt_alarm_s *}'
 extern void alt_alarm_stop (alt_alarm* the_alarm);
             ^
hello_world.c:329:43: warning: passing argument 1 of 'ParseNewTimeout' from incompatible pointer type [-Wincompatible-pointer-types]
       valid_new_timeout = ParseNewTimeout(&New_Timeout, New_Timeout_Index);
                                           ^
hello_world.c:26:5: note: expected 'char *' but argument is of type 'char (*)[40]'
 int ParseNewTimeout(char *New_Timeout, int New_Timeout_Index);
     ^
hello_world.c:318:12: warning: unused variable 'letter' [-Wunused-variable]
       char letter = '0';
            ^
hello_world.c: In function 'ParseNewTimeout':
hello_world.c:350:10: warning: implicit declaration of function 'strtok' [-Wimplicit-function-declaration]
  token = strtok(New_Timeout, ",");
          ^
hello_world.c:350:8: warning: assignment makes pointer from integer without a cast [-Wint-conversion]
  token = strtok(New_Timeout, ",");
        ^
hello_world.c:366:9: warning: assignment makes pointer from integer without a cast [-Wint-conversion]
   token = strtok(NULL, ",");
         ^
hello_world.c: In function 'timeout_data_handler':
hello_world.c:381:1: error: expected declaration or statement at end of input
 }
 ^
make: *** [obj/default/hello_world.o] Error 1
13:32:54 **** Build of configuration Nios II for project Assignment1 ****
make all 
Info: Building ../Assignment1_bsp/
D:/Programs/QuartusPrime/nios2eds/bin/gnu/H-x86_64-mingw32/bin/make --no-print-directory -C ../Assignment1_bsp/
[BSP build complete]
Info: Compiling hello_world.c to obj/default/hello_world.o
nios2-elf-gcc -xc -MP -MMD -c -I../Assignment1_bsp//HAL/inc -I../Assignment1_bsp/ -I../Assignment1_bsp//drivers/inc  -pipe -D__hal__ -DALT_NO_INSTRUCTION_EMULATION -DALT_SINGLE_THREADED    -O0 -g -Wall   -mno-hw-div -mhw-mul -mno-hw-mulx -mgpopt=global  -o obj/default/hello_world.o hello_world.c
hello_world.c: In function 'main':
hello_world.c:83:18: warning: passing argument 1 of 'alt_alarm_start' discards 'volatile' qualifier from pointer target type [-Wdiscarded-qualifiers]
  alt_alarm_start(&timer, LIGHT_TRANSITION_TIME, tlc_timer_isr, CurrentModeContex); //Start the timer
                  ^
In file included from hello_world.c:3:0:
../Assignment1_bsp//HAL/inc/sys/alt_alarm.h:67:12: note: expected 'alt_alarm * {aka struct alt_alarm_s *}' but argument is of type 'volatile alt_alarm * {aka volatile struct alt_alarm_s *}'
 extern int alt_alarm_start (alt_alarm* the_alarm, 
            ^
hello_world.c: In function 'init_buttons_pio':
hello_world.c:202:2: warning: implicit declaration of function 'alt_irq_register' [-Wimplicit-function-declaration]
  alt_irq_register(KEYS_IRQ,context, NSEW_ped_isr);
  ^
hello_world.c: In function 'timeout_data_handler':
hello_world.c:329:43: warning: passing argument 1 of 'ParseNewTimeout' from incompatible pointer type [-Wincompatible-pointer-types]
       valid_new_timeout = ParseNewTimeout(&New_Timeout, New_Timeout_Index);
                                           ^
hello_world.c:26:5: note: expected 'char *' but argument is of type 'char (*)[40]'
 int ParseNewTimeout(char *New_Timeout, int New_Timeout_Index);
     ^
hello_world.c:318:12: warning: unused variable 'letter' [-Wunused-variable]
       char letter = '0';
            ^
hello_world.c: In function 'ParseNewTimeout':
hello_world.c:350:10: warning: implicit declaration of function 'strtok' [-Wimplicit-function-declaration]
  token = strtok(New_Timeout, ",");
          ^
hello_world.c:350:8: warning: assignment makes pointer from integer without a cast [-Wint-conversion]
  token = strtok(New_Timeout, ",");
        ^
hello_world.c:366:9: warning: assignment makes pointer from integer without a cast [-Wint-conversion]
   token = strtok(NULL, ",");
         ^
hello_world.c: In function 'timeout_data_handler':
hello_world.c:381:1: error: expected declaration or statement at end of input
 }
 ^
make: *** [obj/default/hello_world.o] Error 1
13:32:56 **** Incremental Build of configuration Nios II for project Assignment1 ****
make all 
Info: Building ../Assignment1_bsp/
D:/Programs/QuartusPrime/nios2eds/bin/gnu/H-x86_64-mingw32/bin/make --no-print-directory -C ../Assignment1_bsp/
[BSP build complete]
Info: Compiling hello_world.c to obj/default/hello_world.o
nios2-elf-gcc -xc -MP -MMD -c -I../Assignment1_bsp//HAL/inc -I../Assignment1_bsp/ -I../Assignment1_bsp//drivers/inc  -pipe -D__hal__ -DALT_NO_INSTRUCTION_EMULATION -DALT_SINGLE_THREADED    -O0 -g -Wall   -mno-hw-div -mhw-mul -mno-hw-mulx -mgpopt=global  -o obj/default/hello_world.o hello_world.c
hello_world.c: In function 'main':
hello_world.c:83:18: warning: passing argument 1 of 'alt_alarm_start' discards 'volatile' qualifier from pointer target type [-Wdiscarded-qualifiers]
  alt_alarm_start(&timer, LIGHT_TRANSITION_TIME, tlc_timer_isr, CurrentModeContex); //Start the timer
                  ^
In file included from hello_world.c:3:0:
../Assignment1_bsp//HAL/inc/sys/alt_alarm.h:67:12: note: expected 'alt_alarm * {aka struct alt_alarm_s *}' but argument is of type 'volatile alt_alarm * {aka volatile struct alt_alarm_s *}'
 extern int alt_alarm_start (alt_alarm* the_alarm, 
            ^
hello_world.c: In function 'init_buttons_pio':
hello_world.c:202:2: warning: implicit declaration of function 'alt_irq_register' [-Wimplicit-function-declaration]
  alt_irq_register(KEYS_IRQ,context, NSEW_ped_isr);
  ^
hello_world.c: In function 'timeout_data_handler':
hello_world.c:329:43: warning: passing argument 1 of 'ParseNewTimeout' from incompatible pointer type [-Wincompatible-pointer-types]
       valid_new_timeout = ParseNewTimeout(&New_Timeout, New_Timeout_Index);
                                           ^
hello_world.c:26:5: note: expected 'char *' but argument is of type 'char (*)[40]'
 int ParseNewTimeout(char *New_Timeout, int New_Timeout_Index);
     ^
hello_world.c:318:12: warning: unused variable 'letter' [-Wunused-variable]
       char letter = '0';
            ^
hello_world.c: In function 'ParseNewTimeout':
hello_world.c:350:10: warning: implicit declaration of function 'strtok' [-Wimplicit-function-declaration]
  token = strtok(New_Timeout, ",");
          ^
hello_world.c:350:8: warning: assignment makes pointer from integer without a cast [-Wint-conversion]
  token = strtok(New_Timeout, ",");
        ^
hello_world.c:366:9: warning: assignment makes pointer from integer without a cast [-Wint-conversion]
   token = strtok(NULL, ",");
         ^
hello_world.c: In function 'timeout_data_handler':
hello_world.c:381:1: error: expected declaration or statement at end of input
 }
 ^
make: *** [obj/default/hello_world.o] Error 1
13:34:41 **** Build of configuration Nios II for project Assignment1 ****
make all 
Info: Building ../Assignment1_bsp/
D:/Programs/QuartusPrime/nios2eds/bin/gnu/H-x86_64-mingw32/bin/make --no-print-directory -C ../Assignment1_bsp/
[BSP build complete]
Info: Compiling hello_world.c to obj/default/hello_world.o
nios2-elf-gcc -xc -MP -MMD -c -I../Assignment1_bsp//HAL/inc -I../Assignment1_bsp/ -I../Assignment1_bsp//drivers/inc  -pipe -D__hal__ -DALT_NO_INSTRUCTION_EMULATION -DALT_SINGLE_THREADED    -O0 -g -Wall   -mno-hw-div -mhw-mul -mno-hw-mulx -mgpopt=global  -o obj/default/hello_world.o hello_world.c
hello_world.c: In function 'main':
hello_world.c:83:18: warning: passing argument 1 of 'alt_alarm_start' discards 'volatile' qualifier from pointer target type [-Wdiscarded-qualifiers]
  alt_alarm_start(&timer, LIGHT_TRANSITION_TIME, tlc_timer_isr, CurrentModeContex); //Start the timer
                  ^
In file included from hello_world.c:3:0:
../Assignment1_bsp//HAL/inc/sys/alt_alarm.h:67:12: note: expected 'alt_alarm * {aka struct alt_alarm_s *}' but argument is of type 'volatile alt_alarm * {aka volatile struct alt_alarm_s *}'
 extern int alt_alarm_start (alt_alarm* the_alarm, 
            ^
hello_world.c: In function 'init_buttons_pio':
hello_world.c:202:2: warning: implicit declaration of function 'alt_irq_register' [-Wimplicit-function-declaration]
  alt_irq_register(KEYS_IRQ,context, NSEW_ped_isr);
  ^
hello_world.c: In function 'timeout_data_handler':
hello_world.c:329:43: warning: passing argument 1 of 'ParseNewTimeout' from incompatible pointer type [-Wincompatible-pointer-types]
       valid_new_timeout = ParseNewTimeout(&New_Timeout, New_Timeout_Index);
                                           ^
hello_world.c:26:5: note: expected 'char *' but argument is of type 'char (*)[40]'
 int ParseNewTimeout(char *New_Timeout, int New_Timeout_Index);
     ^
hello_world.c:318:12: warning: unused variable 'letter' [-Wunused-variable]
       char letter = '0';
            ^
hello_world.c: In function 'ParseNewTimeout':
hello_world.c:350:10: warning: implicit declaration of function 'strtok' [-Wimplicit-function-declaration]
  token = strtok(New_Timeout, ",");
          ^
hello_world.c:350:8: warning: assignment makes pointer from integer without a cast [-Wint-conversion]
  token = strtok(New_Timeout, ",");
        ^
hello_world.c:366:9: warning: assignment makes pointer from integer without a cast [-Wint-conversion]
   token = strtok(NULL, ",");
         ^
hello_world.c: In function 'timeout_data_handler':
hello_world.c:381:1: error: expected declaration or statement at end of input
 }
 ^
make: *** [obj/default/hello_world.o] Error 1
13:34:42 **** Incremental Build of configuration Nios II for project Assignment1 ****
make all 
Info: Building ../Assignment1_bsp/
D:/Programs/QuartusPrime/nios2eds/bin/gnu/H-x86_64-mingw32/bin/make --no-print-directory -C ../Assignment1_bsp/
[BSP build complete]
Info: Compiling hello_world.c to obj/default/hello_world.o
nios2-elf-gcc -xc -MP -MMD -c -I../Assignment1_bsp//HAL/inc -I../Assignment1_bsp/ -I../Assignment1_bsp//drivers/inc  -pipe -D__hal__ -DALT_NO_INSTRUCTION_EMULATION -DALT_SINGLE_THREADED    -O0 -g -Wall   -mno-hw-div -mhw-mul -mno-hw-mulx -mgpopt=global  -o obj/default/hello_world.o hello_world.c
hello_world.c: In function 'main':
hello_world.c:83:18: warning: passing argument 1 of 'alt_alarm_start' discards 'volatile' qualifier from pointer target type [-Wdiscarded-qualifiers]
  alt_alarm_start(&timer, LIGHT_TRANSITION_TIME, tlc_timer_isr, CurrentModeContex); //Start the timer
                  ^
In file included from hello_world.c:3:0:
../Assignment1_bsp//HAL/inc/sys/alt_alarm.h:67:12: note: expected 'alt_alarm * {aka struct alt_alarm_s *}' but argument is of type 'volatile alt_alarm * {aka volatile struct alt_alarm_s *}'
 extern int alt_alarm_start (alt_alarm* the_alarm, 
            ^
hello_world.c: In function 'init_buttons_pio':
hello_world.c:202:2: warning: implicit declaration of function 'alt_irq_register' [-Wimplicit-function-declaration]
  alt_irq_register(KEYS_IRQ,context, NSEW_ped_isr);
  ^
hello_world.c: In function 'timeout_data_handler':
hello_world.c:329:43: warning: passing argument 1 of 'ParseNewTimeout' from incompatible pointer type [-Wincompatible-pointer-types]
       valid_new_timeout = ParseNewTimeout(&New_Timeout, New_Timeout_Index);
                                           ^
hello_world.c:26:5: note: expected 'char *' but argument is of type 'char (*)[40]'
 int ParseNewTimeout(char *New_Timeout, int New_Timeout_Index);
     ^
hello_world.c:318:12: warning: unused variable 'letter' [-Wunused-variable]
       char letter = '0';
            ^
hello_world.c: In function 'ParseNewTimeout':
hello_world.c:350:10: warning: implicit declaration of function 'strtok' [-Wimplicit-function-declaration]
  token = strtok(New_Timeout, ",");
          ^
hello_world.c:350:8: warning: assignment makes pointer from integer without a cast [-Wint-conversion]
  token = strtok(New_Timeout, ",");
        ^
hello_world.c:366:9: warning: assignment makes pointer from integer without a cast [-Wint-conversion]
   token = strtok(NULL, ",");
         ^
hello_world.c: In function 'timeout_data_handler':
hello_world.c:381:1: error: expected declaration or statement at end of input
 }
 ^
make: *** [obj/default/hello_world.o] Error 1
13:35:53 **** Build of configuration Nios II for project Assignment1 ****
make all 
Info: Building ../Assignment1_bsp/
D:/Programs/QuartusPrime/nios2eds/bin/gnu/H-x86_64-mingw32/bin/make --no-print-directory -C ../Assignment1_bsp/
[BSP build complete]
Info: Compiling hello_world.c to obj/default/hello_world.o
nios2-elf-gcc -xc -MP -MMD -c -I../Assignment1_bsp//HAL/inc -I../Assignment1_bsp/ -I../Assignment1_bsp//drivers/inc  -pipe -D__hal__ -DALT_NO_INSTRUCTION_EMULATION -DALT_SINGLE_THREADED    -O0 -g -Wall   -mno-hw-div -mhw-mul -mno-hw-mulx -mgpopt=global  -o obj/default/hello_world.o hello_world.c
hello_world.c: In function 'main':
hello_world.c:83:18: warning: passing argument 1 of 'alt_alarm_start' discards 'volatile' qualifier from pointer target type [-Wdiscarded-qualifiers]
  alt_alarm_start(&timer, LIGHT_TRANSITION_TIME, tlc_timer_isr, CurrentModeContex); //Start the timer
                  ^
In file included from hello_world.c:3:0:
../Assignment1_bsp//HAL/inc/sys/alt_alarm.h:67:12: note: expected 'alt_alarm * {aka struct alt_alarm_s *}' but argument is of type 'volatile alt_alarm * {aka volatile struct alt_alarm_s *}'
 extern int alt_alarm_start (alt_alarm* the_alarm, 
            ^
hello_world.c: In function 'init_buttons_pio':
hello_world.c:202:2: warning: implicit declaration of function 'alt_irq_register' [-Wimplicit-function-declaration]
  alt_irq_register(KEYS_IRQ,context, NSEW_ped_isr);
  ^
hello_world.c: In function 'timeout_data_handler':
hello_world.c:309:21: warning: passing argument 1 of 'alt_alarm_stop' discards 'volatile' qualifier from pointer target type [-Wdiscarded-qualifiers]
      alt_alarm_stop(&timer);//Stop the timer.
                     ^
In file included from hello_world.c:3:0:
../Assignment1_bsp//HAL/inc/sys/alt_alarm.h:77:13: note: expected 'alt_alarm * {aka struct alt_alarm_s *}' but argument is of type 'volatile alt_alarm * {aka volatile struct alt_alarm_s *}'
 extern void alt_alarm_stop (alt_alarm* the_alarm);
             ^
hello_world.c:328:43: warning: passing argument 1 of 'ParseNewTimeout' from incompatible pointer type [-Wincompatible-pointer-types]
       valid_new_timeout = ParseNewTimeout(&New_Timeout, New_Timeout_Index);
                                           ^
hello_world.c:26:5: note: expected 'char *' but argument is of type 'char (*)[40]'
 int ParseNewTimeout(char *New_Timeout, int New_Timeout_Index);
     ^
hello_world.c:317:12: warning: unused variable 'letter' [-Wunused-variable]
       char letter = '0';
            ^
hello_world.c:337:22: warning: passing argument 1 of 'alt_alarm_start' discards 'volatile' qualifier from pointer target type [-Wdiscarded-qualifiers]
      alt_alarm_start(&timer, LIGHT_TRANSITION_TIME, tlc_timer_isr, CurrentModeContex);    }
                      ^
In file included from hello_world.c:3:0:
../Assignment1_bsp//HAL/inc/sys/alt_alarm.h:67:12: note: expected 'alt_alarm * {aka struct alt_alarm_s *}' but argument is of type 'volatile alt_alarm * {aka volatile struct alt_alarm_s *}'
 extern int alt_alarm_start (alt_alarm* the_alarm, 
            ^
hello_world.c: In function 'ParseNewTimeout':
hello_world.c:349:10: warning: implicit declaration of function 'strtok' [-Wimplicit-function-declaration]
  token = strtok(New_Timeout, ",");
          ^
hello_world.c:349:8: warning: assignment makes pointer from integer without a cast [-Wint-conversion]
  token = strtok(New_Timeout, ",");
        ^
hello_world.c:365:9: warning: assignment makes pointer from integer without a cast [-Wint-conversion]
   token = strtok(NULL, ",");
         ^
Info: Linking Assignment1.elf
nios2-elf-g++  -T'../Assignment1_bsp//linker.x' -msys-crt0='../Assignment1_bsp//obj/HAL/src/crt0.o' -msys-lib=hal_bsp -L../Assignment1_bsp/   -Wl,-Map=Assignment1.map   -O0 -g -Wall   -mno-hw-div -mhw-mul -mno-hw-mulx -mgpopt=global  -o Assignment1.elf obj/default/hello_world.o -lm -msys-lib=m
nios2-elf-insert Assignment1.elf --thread_model hal --cpu_name cpu --qsys true --simulation_enabled false --stderr_dev jtag_uart --stdin_dev jtag_uart --stdout_dev jtag_uart --sopc_system_name nios2_system --quartus_project_dir "C:/Users/Jacob/Desktop/CS303-A1" --sopcinfo C:/Users/Jacob/Desktop/CS303-A1/software/Assignment1_bsp/../../nios2_system.sopcinfo
Info: (Assignment1.elf) 83 KBytes program size (code + initialized data).
Info:                   8101 KBytes free for stack + heap.
Info: Creating Assignment1.objdump
nios2-elf-objdump --disassemble --syms --all-header --source Assignment1.elf >Assignment1.objdump
[Assignment1 build complete]
13:35:56 **** Incremental Build of configuration Nios II for project Assignment1 ****
make all 
Info: Building ../Assignment1_bsp/
D:/Programs/QuartusPrime/nios2eds/bin/gnu/H-x86_64-mingw32/bin/make --no-print-directory -C ../Assignment1_bsp/
[BSP build complete]
[Assignment1 build complete]
13:36:31 **** Build of configuration Nios II for project Assignment1 ****
make all 
Info: Building ../Assignment1_bsp/
D:/Programs/QuartusPrime/nios2eds/bin/gnu/H-x86_64-mingw32/bin/make --no-print-directory -C ../Assignment1_bsp/
[BSP build complete]
Info: Compiling hello_world.c to obj/default/hello_world.o
nios2-elf-gcc -xc -MP -MMD -c -I../Assignment1_bsp//HAL/inc -I../Assignment1_bsp/ -I../Assignment1_bsp//drivers/inc  -pipe -D__hal__ -DALT_NO_INSTRUCTION_EMULATION -DALT_SINGLE_THREADED    -O0 -g -Wall   -mno-hw-div -mhw-mul -mno-hw-mulx -mgpopt=global  -o obj/default/hello_world.o hello_world.c
hello_world.c: In function 'main':
hello_world.c:83:18: warning: passing argument 1 of 'alt_alarm_start' discards 'volatile' qualifier from pointer target type [-Wdiscarded-qualifiers]
  alt_alarm_start(&timer, LIGHT_TRANSITION_TIME, tlc_timer_isr, CurrentModeContex); //Start the timer
                  ^
In file included from hello_world.c:3:0:
../Assignment1_bsp//HAL/inc/sys/alt_alarm.h:67:12: note: expected 'alt_alarm * {aka struct alt_alarm_s *}' but argument is of type 'volatile alt_alarm * {aka volatile struct alt_alarm_s *}'
 extern int alt_alarm_start (alt_alarm* the_alarm, 
            ^
hello_world.c: In function 'init_buttons_pio':
hello_world.c:202:2: warning: implicit declaration of function 'alt_irq_register' [-Wimplicit-function-declaration]
  alt_irq_register(KEYS_IRQ,context, NSEW_ped_isr);
  ^
hello_world.c: In function 'timeout_data_handler':
hello_world.c:310:21: warning: passing argument 1 of 'alt_alarm_stop' discards 'volatile' qualifier from pointer target type [-Wdiscarded-qualifiers]
      alt_alarm_stop(&timer);//Stop the timer.
                     ^
In file included from hello_world.c:3:0:
../Assignment1_bsp//HAL/inc/sys/alt_alarm.h:77:13: note: expected 'alt_alarm * {aka struct alt_alarm_s *}' but argument is of type 'volatile alt_alarm * {aka volatile struct alt_alarm_s *}'
 extern void alt_alarm_stop (alt_alarm* the_alarm);
             ^
hello_world.c:329:43: warning: passing argument 1 of 'ParseNewTimeout' from incompatible pointer type [-Wincompatible-pointer-types]
       valid_new_timeout = ParseNewTimeout(&New_Timeout, New_Timeout_Index);
                                           ^
hello_world.c:26:5: note: expected 'char *' but argument is of type 'char (*)[40]'
 int ParseNewTimeout(char *New_Timeout, int New_Timeout_Index);
     ^
hello_world.c:318:12: warning: unused variable 'letter' [-Wunused-variable]
       char letter = '0';
            ^
hello_world.c:338:22: warning: passing argument 1 of 'alt_alarm_start' discards 'volatile' qualifier from pointer target type [-Wdiscarded-qualifiers]
      alt_alarm_start(&timer, LIGHT_TRANSITION_TIME, tlc_timer_isr, CurrentModeContex);    }
                      ^
In file included from hello_world.c:3:0:
../Assignment1_bsp//HAL/inc/sys/alt_alarm.h:67:12: note: expected 'alt_alarm * {aka struct alt_alarm_s *}' but argument is of type 'volatile alt_alarm * {aka volatile struct alt_alarm_s *}'
 extern int alt_alarm_start (alt_alarm* the_alarm, 
            ^
hello_world.c: In function 'ParseNewTimeout':
hello_world.c:350:10: warning: implicit declaration of function 'strtok' [-Wimplicit-function-declaration]
  token = strtok(New_Timeout, ",");
          ^
hello_world.c:350:8: warning: assignment makes pointer from integer without a cast [-Wint-conversion]
  token = strtok(New_Timeout, ",");
        ^
hello_world.c:366:9: warning: assignment makes pointer from integer without a cast [-Wint-conversion]
   token = strtok(NULL, ",");
         ^
Info: Linking Assignment1.elf
nios2-elf-g++  -T'../Assignment1_bsp//linker.x' -msys-crt0='../Assignment1_bsp//obj/HAL/src/crt0.o' -msys-lib=hal_bsp -L../Assignment1_bsp/   -Wl,-Map=Assignment1.map   -O0 -g -Wall   -mno-hw-div -mhw-mul -mno-hw-mulx -mgpopt=global  -o Assignment1.elf obj/default/hello_world.o -lm -msys-lib=m
nios2-elf-insert Assignment1.elf --thread_model hal --cpu_name cpu --qsys true --simulation_enabled false --stderr_dev jtag_uart --stdin_dev jtag_uart --stdout_dev jtag_uart --sopc_system_name nios2_system --quartus_project_dir "C:/Users/Jacob/Desktop/CS303-A1" --sopcinfo C:/Users/Jacob/Desktop/CS303-A1/software/Assignment1_bsp/../../nios2_system.sopcinfo
Info: (Assignment1.elf) 83 KBytes program size (code + initialized data).
Info:                   8101 KBytes free for stack + heap.
Info: Creating Assignment1.objdump
nios2-elf-objdump --disassemble --syms --all-header --source Assignment1.elf >Assignment1.objdump
[Assignment1 build complete]
13:36:34 **** Incremental Build of configuration Nios II for project Assignment1 ****
make all 
Info: Building ../Assignment1_bsp/
D:/Programs/QuartusPrime/nios2eds/bin/gnu/H-x86_64-mingw32/bin/make --no-print-directory -C ../Assignment1_bsp/
[BSP build complete]
[Assignment1 build complete]
13:36:50 **** Build of configuration Nios II for project Assignment1 ****
make all 
Info: Building ../Assignment1_bsp/
D:/Programs/QuartusPrime/nios2eds/bin/gnu/H-x86_64-mingw32/bin/make --no-print-directory -C ../Assignment1_bsp/
[BSP build complete]
Info: Compiling hello_world.c to obj/default/hello_world.o
nios2-elf-gcc -xc -MP -MMD -c -I../Assignment1_bsp//HAL/inc -I../Assignment1_bsp/ -I../Assignment1_bsp//drivers/inc  -pipe -D__hal__ -DALT_NO_INSTRUCTION_EMULATION -DALT_SINGLE_THREADED    -O0 -g -Wall   -mno-hw-div -mhw-mul -mno-hw-mulx -mgpopt=global  -o obj/default/hello_world.o hello_world.c
hello_world.c: In function 'main':
hello_world.c:83:18: warning: passing argument 1 of 'alt_alarm_start' discards 'volatile' qualifier from pointer target type [-Wdiscarded-qualifiers]
  alt_alarm_start(&timer, LIGHT_TRANSITION_TIME, tlc_timer_isr, CurrentModeContex); //Start the timer
                  ^
In file included from hello_world.c:3:0:
../Assignment1_bsp//HAL/inc/sys/alt_alarm.h:67:12: note: expected 'alt_alarm * {aka struct alt_alarm_s *}' but argument is of type 'volatile alt_alarm * {aka volatile struct alt_alarm_s *}'
 extern int alt_alarm_start (alt_alarm* the_alarm, 
            ^
hello_world.c: In function 'init_buttons_pio':
hello_world.c:202:2: warning: implicit declaration of function 'alt_irq_register' [-Wimplicit-function-declaration]
  alt_irq_register(KEYS_IRQ,context, NSEW_ped_isr);
  ^
hello_world.c: In function 'timeout_data_handler':
hello_world.c:310:21: warning: passing argument 1 of 'alt_alarm_stop' discards 'volatile' qualifier from pointer target type [-Wdiscarded-qualifiers]
      alt_alarm_stop(&timer);//Stop the timer.
                     ^
In file included from hello_world.c:3:0:
../Assignment1_bsp//HAL/inc/sys/alt_alarm.h:77:13: note: expected 'alt_alarm * {aka struct alt_alarm_s *}' but argument is of type 'volatile alt_alarm * {aka volatile struct alt_alarm_s *}'
 extern void alt_alarm_stop (alt_alarm* the_alarm);
             ^
hello_world.c:329:43: warning: passing argument 1 of 'ParseNewTimeout' from incompatible pointer type [-Wincompatible-pointer-types]
       valid_new_timeout = ParseNewTimeout(&New_Timeout, New_Timeout_Index);
                                           ^
hello_world.c:26:5: note: expected 'char *' but argument is of type 'char (*)[40]'
 int ParseNewTimeout(char *New_Timeout, int New_Timeout_Index);
     ^
hello_world.c:318:12: warning: unused variable 'letter' [-Wunused-variable]
       char letter = '0';
            ^
hello_world.c: In function 'ParseNewTimeout':
hello_world.c:350:10: warning: implicit declaration of function 'strtok' [-Wimplicit-function-declaration]
  token = strtok(New_Timeout, ",");
          ^
hello_world.c:350:8: warning: assignment makes pointer from integer without a cast [-Wint-conversion]
  token = strtok(New_Timeout, ",");
        ^
hello_world.c:366:9: warning: assignment makes pointer from integer without a cast [-Wint-conversion]
   token = strtok(NULL, ",");
         ^
hello_world.c: In function 'timeout_data_handler':
hello_world.c:381:1: error: expected declaration or statement at end of input
 }
 ^
make: *** [obj/default/hello_world.o] Error 1
13:36:52 **** Incremental Build of configuration Nios II for project Assignment1 ****
make all 
Info: Building ../Assignment1_bsp/
D:/Programs/QuartusPrime/nios2eds/bin/gnu/H-x86_64-mingw32/bin/make --no-print-directory -C ../Assignment1_bsp/
[BSP build complete]
Info: Compiling hello_world.c to obj/default/hello_world.o
nios2-elf-gcc -xc -MP -MMD -c -I../Assignment1_bsp//HAL/inc -I../Assignment1_bsp/ -I../Assignment1_bsp//drivers/inc  -pipe -D__hal__ -DALT_NO_INSTRUCTION_EMULATION -DALT_SINGLE_THREADED    -O0 -g -Wall   -mno-hw-div -mhw-mul -mno-hw-mulx -mgpopt=global  -o obj/default/hello_world.o hello_world.c
hello_world.c: In function 'main':
hello_world.c:83:18: warning: passing argument 1 of 'alt_alarm_start' discards 'volatile' qualifier from pointer target type [-Wdiscarded-qualifiers]
  alt_alarm_start(&timer, LIGHT_TRANSITION_TIME, tlc_timer_isr, CurrentModeContex); //Start the timer
                  ^
In file included from hello_world.c:3:0:
../Assignment1_bsp//HAL/inc/sys/alt_alarm.h:67:12: note: expected 'alt_alarm * {aka struct alt_alarm_s *}' but argument is of type 'volatile alt_alarm * {aka volatile struct alt_alarm_s *}'
 extern int alt_alarm_start (alt_alarm* the_alarm, 
            ^
hello_world.c: In function 'init_buttons_pio':
hello_world.c:202:2: warning: implicit declaration of function 'alt_irq_register' [-Wimplicit-function-declaration]
  alt_irq_register(KEYS_IRQ,context, NSEW_ped_isr);
  ^
hello_world.c: In function 'timeout_data_handler':
hello_world.c:310:21: warning: passing argument 1 of 'alt_alarm_stop' discards 'volatile' qualifier from pointer target type [-Wdiscarded-qualifiers]
      alt_alarm_stop(&timer);//Stop the timer.
                     ^
In file included from hello_world.c:3:0:
../Assignment1_bsp//HAL/inc/sys/alt_alarm.h:77:13: note: expected 'alt_alarm * {aka struct alt_alarm_s *}' but argument is of type 'volatile alt_alarm * {aka volatile struct alt_alarm_s *}'
 extern void alt_alarm_stop (alt_alarm* the_alarm);
             ^
hello_world.c:329:43: warning: passing argument 1 of 'ParseNewTimeout' from incompatible pointer type [-Wincompatible-pointer-types]
       valid_new_timeout = ParseNewTimeout(&New_Timeout, New_Timeout_Index);
                                           ^
hello_world.c:26:5: note: expected 'char *' but argument is of type 'char (*)[40]'
 int ParseNewTimeout(char *New_Timeout, int New_Timeout_Index);
     ^
hello_world.c:318:12: warning: unused variable 'letter' [-Wunused-variable]
       char letter = '0';
            ^
hello_world.c: In function 'ParseNewTimeout':
hello_world.c:350:10: warning: implicit declaration of function 'strtok' [-Wimplicit-function-declaration]
  token = strtok(New_Timeout, ",");
          ^
hello_world.c:350:8: warning: assignment makes pointer from integer without a cast [-Wint-conversion]
  token = strtok(New_Timeout, ",");
        ^
hello_world.c:366:9: warning: assignment makes pointer from integer without a cast [-Wint-conversion]
   token = strtok(NULL, ",");
         ^
hello_world.c: In function 'timeout_data_handler':
hello_world.c:381:1: error: expected declaration or statement at end of input
 }
 ^
make: *** [obj/default/hello_world.o] Error 1
13:37:23 **** Build of configuration Nios II for project Assignment1 ****
make all 
Info: Building ../Assignment1_bsp/
D:/Programs/QuartusPrime/nios2eds/bin/gnu/H-x86_64-mingw32/bin/make --no-print-directory -C ../Assignment1_bsp/
[BSP build complete]
Info: Compiling hello_world.c to obj/default/hello_world.o
nios2-elf-gcc -xc -MP -MMD -c -I../Assignment1_bsp//HAL/inc -I../Assignment1_bsp/ -I../Assignment1_bsp//drivers/inc  -pipe -D__hal__ -DALT_NO_INSTRUCTION_EMULATION -DALT_SINGLE_THREADED    -O0 -g -Wall   -mno-hw-div -mhw-mul -mno-hw-mulx -mgpopt=global  -o obj/default/hello_world.o hello_world.c
hello_world.c: In function 'main':
hello_world.c:83:18: warning: passing argument 1 of 'alt_alarm_start' discards 'volatile' qualifier from pointer target type [-Wdiscarded-qualifiers]
  alt_alarm_start(&timer, LIGHT_TRANSITION_TIME, tlc_timer_isr, CurrentModeContex); //Start the timer
                  ^
In file included from hello_world.c:3:0:
../Assignment1_bsp//HAL/inc/sys/alt_alarm.h:67:12: note: expected 'alt_alarm * {aka struct alt_alarm_s *}' but argument is of type 'volatile alt_alarm * {aka volatile struct alt_alarm_s *}'
 extern int alt_alarm_start (alt_alarm* the_alarm, 
            ^
hello_world.c: In function 'init_buttons_pio':
hello_world.c:202:2: warning: implicit declaration of function 'alt_irq_register' [-Wimplicit-function-declaration]
  alt_irq_register(KEYS_IRQ,context, NSEW_ped_isr);
  ^
hello_world.c: In function 'timeout_data_handler':
hello_world.c:310:21: warning: passing argument 1 of 'alt_alarm_stop' discards 'volatile' qualifier from pointer target type [-Wdiscarded-qualifiers]
      alt_alarm_stop(&timer);//Stop the timer.
                     ^
In file included from hello_world.c:3:0:
../Assignment1_bsp//HAL/inc/sys/alt_alarm.h:77:13: note: expected 'alt_alarm * {aka struct alt_alarm_s *}' but argument is of type 'volatile alt_alarm * {aka volatile struct alt_alarm_s *}'
 extern void alt_alarm_stop (alt_alarm* the_alarm);
             ^
hello_world.c:329:43: warning: passing argument 1 of 'ParseNewTimeout' from incompatible pointer type [-Wincompatible-pointer-types]
       valid_new_timeout = ParseNewTimeout(&New_Timeout, New_Timeout_Index);
                                           ^
hello_world.c:26:5: note: expected 'char *' but argument is of type 'char (*)[40]'
 int ParseNewTimeout(char *New_Timeout, int New_Timeout_Index);
     ^
hello_world.c:318:12: warning: unused variable 'letter' [-Wunused-variable]
       char letter = '0';
            ^
hello_world.c: In function 'ParseNewTimeout':
hello_world.c:351:10: warning: implicit declaration of function 'strtok' [-Wimplicit-function-declaration]
  token = strtok(New_Timeout, ",");
          ^
hello_world.c:351:8: warning: assignment makes pointer from integer without a cast [-Wint-conversion]
  token = strtok(New_Timeout, ",");
        ^
hello_world.c:367:9: warning: assignment makes pointer from integer without a cast [-Wint-conversion]
   token = strtok(NULL, ",");
         ^
Info: Linking Assignment1.elf
nios2-elf-g++  -T'../Assignment1_bsp//linker.x' -msys-crt0='../Assignment1_bsp//obj/HAL/src/crt0.o' -msys-lib=hal_bsp -L../Assignment1_bsp/   -Wl,-Map=Assignment1.map   -O0 -g -Wall   -mno-hw-div -mhw-mul -mno-hw-mulx -mgpopt=global  -o Assignment1.elf obj/default/hello_world.o -lm -msys-lib=m
nios2-elf-insert Assignment1.elf --thread_model hal --cpu_name cpu --qsys true --simulation_enabled false --stderr_dev jtag_uart --stdin_dev jtag_uart --stdout_dev jtag_uart --sopc_system_name nios2_system --quartus_project_dir "C:/Users/Jacob/Desktop/CS303-A1" --sopcinfo C:/Users/Jacob/Desktop/CS303-A1/software/Assignment1_bsp/../../nios2_system.sopcinfo
Info: (Assignment1.elf) 83 KBytes program size (code + initialized data).
Info:                   8101 KBytes free for stack + heap.
Info: Creating Assignment1.objdump
nios2-elf-objdump --disassemble --syms --all-header --source Assignment1.elf >Assignment1.objdump
[Assignment1 build complete]
13:37:26 **** Incremental Build of configuration Nios II for project Assignment1 ****
make all 
Info: Building ../Assignment1_bsp/
D:/Programs/QuartusPrime/nios2eds/bin/gnu/H-x86_64-mingw32/bin/make --no-print-directory -C ../Assignment1_bsp/
[BSP build complete]
[Assignment1 build complete]
13:39:47 **** Build of configuration Nios II for project Assignment1 ****
make all 
Info: Building ../Assignment1_bsp/
D:/Programs/QuartusPrime/nios2eds/bin/gnu/H-x86_64-mingw32/bin/make --no-print-directory -C ../Assignment1_bsp/
[BSP build complete]
Info: Compiling hello_world.c to obj/default/hello_world.o
nios2-elf-gcc -xc -MP -MMD -c -I../Assignment1_bsp//HAL/inc -I../Assignment1_bsp/ -I../Assignment1_bsp//drivers/inc  -pipe -D__hal__ -DALT_NO_INSTRUCTION_EMULATION -DALT_SINGLE_THREADED    -O0 -g -Wall   -mno-hw-div -mhw-mul -mno-hw-mulx -mgpopt=global  -o obj/default/hello_world.o hello_world.c
hello_world.c: In function 'main':
hello_world.c:83:18: warning: passing argument 1 of 'alt_alarm_start' discards 'volatile' qualifier from pointer target type [-Wdiscarded-qualifiers]
  alt_alarm_start(&timer, currentTimeOut, tlc_timer_isr, CurrentModeContex); //Start the timer
                  ^
In file included from hello_world.c:3:0:
../Assignment1_bsp//HAL/inc/sys/alt_alarm.h:67:12: note: expected 'alt_alarm * {aka struct alt_alarm_s *}' but argument is of type 'volatile alt_alarm * {aka volatile struct alt_alarm_s *}'
 extern int alt_alarm_start (alt_alarm* the_alarm, 
            ^
hello_world.c: In function 'init_buttons_pio':
hello_world.c:202:2: warning: implicit declaration of function 'alt_irq_register' [-Wimplicit-function-declaration]
  alt_irq_register(KEYS_IRQ,context, NSEW_ped_isr);
  ^
hello_world.c: In function 'timeout_data_handler':
hello_world.c:310:21: warning: passing argument 1 of 'alt_alarm_stop' discards 'volatile' qualifier from pointer target type [-Wdiscarded-qualifiers]
      alt_alarm_stop(&timer);//Stop the timer.
                     ^
In file included from hello_world.c:3:0:
../Assignment1_bsp//HAL/inc/sys/alt_alarm.h:77:13: note: expected 'alt_alarm * {aka struct alt_alarm_s *}' but argument is of type 'volatile alt_alarm * {aka volatile struct alt_alarm_s *}'
 extern void alt_alarm_stop (alt_alarm* the_alarm);
             ^
hello_world.c:329:43: warning: passing argument 1 of 'ParseNewTimeout' from incompatible pointer type [-Wincompatible-pointer-types]
       valid_new_timeout = ParseNewTimeout(&New_Timeout, New_Timeout_Index);
                                           ^
hello_world.c:26:5: note: expected 'char *' but argument is of type 'char (*)[40]'
 int ParseNewTimeout(char *New_Timeout, int New_Timeout_Index);
     ^
hello_world.c:318:12: warning: unused variable 'letter' [-Wunused-variable]
       char letter = '0';
            ^
hello_world.c:338:22: warning: passing argument 1 of 'alt_alarm_start' discards 'volatile' qualifier from pointer target type [-Wdiscarded-qualifiers]
      alt_alarm_start(&timer, currentTimeOut, tlc_timer_isr, CurrentModeContex);
                      ^
In file included from hello_world.c:3:0:
../Assignment1_bsp//HAL/inc/sys/alt_alarm.h:67:12: note: expected 'alt_alarm * {aka struct alt_alarm_s *}' but argument is of type 'volatile alt_alarm * {aka volatile struct alt_alarm_s *}'
 extern int alt_alarm_start (alt_alarm* the_alarm, 
            ^
hello_world.c: In function 'ParseNewTimeout':
hello_world.c:351:10: warning: implicit declaration of function 'strtok' [-Wimplicit-function-declaration]
  token = strtok(New_Timeout, ",");
          ^
hello_world.c:351:8: warning: assignment makes pointer from integer without a cast [-Wint-conversion]
  token = strtok(New_Timeout, ",");
        ^
hello_world.c:367:9: warning: assignment makes pointer from integer without a cast [-Wint-conversion]
   token = strtok(NULL, ",");
         ^
Info: Linking Assignment1.elf
nios2-elf-g++  -T'../Assignment1_bsp//linker.x' -msys-crt0='../Assignment1_bsp//obj/HAL/src/crt0.o' -msys-lib=hal_bsp -L../Assignment1_bsp/   -Wl,-Map=Assignment1.map   -O0 -g -Wall   -mno-hw-div -mhw-mul -mno-hw-mulx -mgpopt=global  -o Assignment1.elf obj/default/hello_world.o -lm -msys-lib=m
nios2-elf-insert Assignment1.elf --thread_model hal --cpu_name cpu --qsys true --simulation_enabled false --stderr_dev jtag_uart --stdin_dev jtag_uart --stdout_dev jtag_uart --sopc_system_name nios2_system --quartus_project_dir "C:/Users/Jacob/Desktop/CS303-A1" --sopcinfo C:/Users/Jacob/Desktop/CS303-A1/software/Assignment1_bsp/../../nios2_system.sopcinfo
Info: (Assignment1.elf) 83 KBytes program size (code + initialized data).
Info:                   8101 KBytes free for stack + heap.
Info: Creating Assignment1.objdump
nios2-elf-objdump --disassemble --syms --all-header --source Assignment1.elf >Assignment1.objdump
[Assignment1 build complete]
13:39:50 **** Incremental Build of configuration Nios II for project Assignment1 ****
make all 
Info: Building ../Assignment1_bsp/
D:/Programs/QuartusPrime/nios2eds/bin/gnu/H-x86_64-mingw32/bin/make --no-print-directory -C ../Assignment1_bsp/
[BSP build complete]
[Assignment1 build complete]
13:41:41 **** Build of configuration Nios II for project Assignment1 ****
make all 
Info: Building ../Assignment1_bsp/
D:/Programs/QuartusPrime/nios2eds/bin/gnu/H-x86_64-mingw32/bin/make --no-print-directory -C ../Assignment1_bsp/
[BSP build complete]
Info: Compiling hello_world.c to obj/default/hello_world.o
nios2-elf-gcc -xc -MP -MMD -c -I../Assignment1_bsp//HAL/inc -I../Assignment1_bsp/ -I../Assignment1_bsp//drivers/inc  -pipe -D__hal__ -DALT_NO_INSTRUCTION_EMULATION -DALT_SINGLE_THREADED    -O0 -g -Wall   -mno-hw-div -mhw-mul -mno-hw-mulx -mgpopt=global  -o obj/default/hello_world.o hello_world.c
hello_world.c: In function 'main':
hello_world.c:83:18: warning: passing argument 1 of 'alt_alarm_start' discards 'volatile' qualifier from pointer target type [-Wdiscarded-qualifiers]
  alt_alarm_start(&timer, currentTimeOut, tlc_timer_isr, CurrentModeContex); //Start the timer
                  ^
In file included from hello_world.c:3:0:
../Assignment1_bsp//HAL/inc/sys/alt_alarm.h:67:12: note: expected 'alt_alarm * {aka struct alt_alarm_s *}' but argument is of type 'volatile alt_alarm * {aka volatile struct alt_alarm_s *}'
 extern int alt_alarm_start (alt_alarm* the_alarm, 
            ^
hello_world.c: In function 'init_buttons_pio':
hello_world.c:202:2: warning: implicit declaration of function 'alt_irq_register' [-Wimplicit-function-declaration]
  alt_irq_register(KEYS_IRQ,context, NSEW_ped_isr);
  ^
hello_world.c: In function 'timeout_data_handler':
hello_world.c:310:21: warning: passing argument 1 of 'alt_alarm_stop' discards 'volatile' qualifier from pointer target type [-Wdiscarded-qualifiers]
      alt_alarm_stop(&timer);//Stop the timer.
                     ^
In file included from hello_world.c:3:0:
../Assignment1_bsp//HAL/inc/sys/alt_alarm.h:77:13: note: expected 'alt_alarm * {aka struct alt_alarm_s *}' but argument is of type 'volatile alt_alarm * {aka volatile struct alt_alarm_s *}'
 extern void alt_alarm_stop (alt_alarm* the_alarm);
             ^
hello_world.c:332:43: warning: passing argument 1 of 'ParseNewTimeout' from incompatible pointer type [-Wincompatible-pointer-types]
       valid_new_timeout = ParseNewTimeout(&New_Timeout, New_Timeout_Index);
                                           ^
hello_world.c:26:5: note: expected 'char *' but argument is of type 'char (*)[40]'
 int ParseNewTimeout(char *New_Timeout, int New_Timeout_Index);
     ^
hello_world.c:318:12: warning: unused variable 'letter' [-Wunused-variable]
       char letter = '0';
            ^
hello_world.c:341:22: warning: passing argument 1 of 'alt_alarm_start' discards 'volatile' qualifier from pointer target type [-Wdiscarded-qualifiers]
      alt_alarm_start(&timer, currentTimeOut, tlc_timer_isr, CurrentModeContex);
                      ^
In file included from hello_world.c:3:0:
../Assignment1_bsp//HAL/inc/sys/alt_alarm.h:67:12: note: expected 'alt_alarm * {aka struct alt_alarm_s *}' but argument is of type 'volatile alt_alarm * {aka volatile struct alt_alarm_s *}'
 extern int alt_alarm_start (alt_alarm* the_alarm, 
            ^
hello_world.c: In function 'ParseNewTimeout':
hello_world.c:354:10: warning: implicit declaration of function 'strtok' [-Wimplicit-function-declaration]
  token = strtok(New_Timeout, ",");
          ^
hello_world.c:354:8: warning: assignment makes pointer from integer without a cast [-Wint-conversion]
  token = strtok(New_Timeout, ",");
        ^
hello_world.c:370:9: warning: assignment makes pointer from integer without a cast [-Wint-conversion]
   token = strtok(NULL, ",");
         ^
Info: Linking Assignment1.elf
nios2-elf-g++  -T'../Assignment1_bsp//linker.x' -msys-crt0='../Assignment1_bsp//obj/HAL/src/crt0.o' -msys-lib=hal_bsp -L../Assignment1_bsp/   -Wl,-Map=Assignment1.map   -O0 -g -Wall   -mno-hw-div -mhw-mul -mno-hw-mulx -mgpopt=global  -o Assignment1.elf obj/default/hello_world.o -lm -msys-lib=m
nios2-elf-insert Assignment1.elf --thread_model hal --cpu_name cpu --qsys true --simulation_enabled false --stderr_dev jtag_uart --stdin_dev jtag_uart --stdout_dev jtag_uart --sopc_system_name nios2_system --quartus_project_dir "C:/Users/Jacob/Desktop/CS303-A1" --sopcinfo C:/Users/Jacob/Desktop/CS303-A1/software/Assignment1_bsp/../../nios2_system.sopcinfo
Info: (Assignment1.elf) 83 KBytes program size (code + initialized data).
Info:                   8101 KBytes free for stack + heap.
Info: Creating Assignment1.objdump
nios2-elf-objdump --disassemble --syms --all-header --source Assignment1.elf >Assignment1.objdump
[Assignment1 build complete]
13:41:43 **** Incremental Build of configuration Nios II for project Assignment1 ****
make all 
Info: Building ../Assignment1_bsp/
D:/Programs/QuartusPrime/nios2eds/bin/gnu/H-x86_64-mingw32/bin/make --no-print-directory -C ../Assignment1_bsp/
[BSP build complete]
[Assignment1 build complete]
